Log file opened on Tue Mar 10 17:07:20 2020
Host: pc-036945.clients.vu.nl  pid: 16001  nodeid: 0  nnodes:  1
Gromacs version:    VERSION 4.6.7
Precision:          single
Memory model:       64 bit
MPI library:        thread_mpi
OpenMP support:     enabled
GPU support:        disabled
invsqrt routine:    gmx_software_invsqrt(x)
CPU acceleration:   AVX_256
FFT library:        fftw-3.3.3-sse2
Large file support: enabled
RDTSCP usage:       enabled
Built on:           Mon Aug 22 12:47:47 CEST 2016
Built by:           root@co7-3.clients.vu.nl [CMAKE]
Build OS/arch:      Linux 3.10.0-327.28.2.el7.x86_64 x86_64
Build CPU vendor:   GenuineIntel
Build CPU brand:    Intel(R) Core(TM) i5-3470 CPU @ 3.20GHz
Build CPU family:   6   Model: 58   Stepping: 9
Build CPU features: aes apic avx clfsh cmov cx8 cx16 f16c lahf_lm mmx msr nonstop_tsc pcid pclmuldq popcnt pse rdrnd rdtscp sse2 sse3 sse4.1 sse4.2 ssse3 tdt x2apic
C compiler:         /usr/bin/cc GNU cc (GCC) 4.8.5 20150623 (Red Hat 4.8.5-4)
C compiler flags:   -mavx    -Wextra -Wno-missing-field-initializers -Wno-sign-compare -Wall -Wno-unused -Wunused-value -Wno-unused-parameter -Wno-array-bounds -Wno-maybe-uninitialized -Wno-strict-overflow   -fomit-frame-pointer -funroll-all-loops -fexcess-precision=fast  -O3 -DNDEBUG


                         :-)  G  R  O  M  A  C  S  (-:

                       GRowing Old MAkes el Chrono Sweat

                            :-)  VERSION 4.6.7  (-:

        Contributions from Mark Abraham, Emile Apol, Rossen Apostolov, 
           Herman J.C. Berendsen, Aldert van Buuren, Pär Bjelkmar,  
     Rudi van Drunen, Anton Feenstra, Gerrit Groenhof, Christoph Junghans, 
        Peter Kasson, Carsten Kutzner, Per Larsson, Pieter Meulenhoff, 
           Teemu Murtola, Szilard Pall, Sander Pronk, Roland Schulz, 
                Michael Shirts, Alfons Sijbers, Peter Tieleman,

               Berk Hess, David van der Spoel, and Erik Lindahl.

       Copyright (c) 1991-2000, University of Groningen, The Netherlands.
         Copyright (c) 2001-2012,2013, The GROMACS development team at
        Uppsala University & The Royal Institute of Technology, Sweden.
            check out http://www.gromacs.org for more information.

         This program is free software; you can redistribute it and/or
       modify it under the terms of the GNU Lesser General Public License
        as published by the Free Software Foundation; either version 2.1
             of the License, or (at your option) any later version.

                  :-)  /usr/local/gromacs/4.6.7/bin/mdrun  (-:


++++ PLEASE READ AND CITE THE FOLLOWING REFERENCE ++++
B. Hess and C. Kutzner and D. van der Spoel and E. Lindahl
GROMACS 4: Algorithms for highly efficient, load-balanced, and scalable
molecular simulation
J. Chem. Theory Comput. 4 (2008) pp. 435-447
-------- -------- --- Thank You --- -------- --------


++++ PLEASE READ AND CITE THE FOLLOWING REFERENCE ++++
D. van der Spoel, E. Lindahl, B. Hess, G. Groenhof, A. E. Mark and H. J. C.
Berendsen
GROMACS: Fast, Flexible and Free
J. Comp. Chem. 26 (2005) pp. 1701-1719
-------- -------- --- Thank You --- -------- --------


++++ PLEASE READ AND CITE THE FOLLOWING REFERENCE ++++
E. Lindahl and B. Hess and D. van der Spoel
GROMACS 3.0: A package for molecular simulation and trajectory analysis
J. Mol. Mod. 7 (2001) pp. 306-317
-------- -------- --- Thank You --- -------- --------


++++ PLEASE READ AND CITE THE FOLLOWING REFERENCE ++++
H. J. C. Berendsen, D. van der Spoel and R. van Drunen
GROMACS: A message-passing parallel molecular dynamics implementation
Comp. Phys. Comm. 91 (1995) pp. 43-56
-------- -------- --- Thank You --- -------- --------

Input Parameters:
   integrator           = steep
   nsteps               = 10000
   init-step            = 0
   cutoff-scheme        = Group
   ns_type              = Grid
   nstlist              = 10
   ndelta               = 2
   nstcomm              = 100
   comm-mode            = Linear
   nstlog               = 100
   nstxout              = 100
   nstvout              = 100
   nstfout              = 0
   nstcalcenergy        = 100
   nstenergy            = 100
   nstxtcout            = 100
   init-t               = 0
   delta-t              = 0.002
   xtcprec              = 1000
   fourierspacing       = 0.12
   nkx                  = 10
   nky                  = 10
   nkz                  = 10
   pme-order            = 4
   ewald-rtol           = 1e-05
   ewald-geometry       = 0
   epsilon-surface      = 0
   optimize-fft         = FALSE
   ePBC                 = xyz
   bPeriodicMols        = FALSE
   bContinuation        = FALSE
   bShakeSOR            = FALSE
   etc                  = No
   bPrintNHChains       = FALSE
   nsttcouple           = -1
   epc                  = No
   epctype              = Isotropic
   nstpcouple           = -1
   tau-p                = 1
   ref-p (3x3):
      ref-p[    0]={ 0.00000e+00,  0.00000e+00,  0.00000e+00}
      ref-p[    1]={ 0.00000e+00,  0.00000e+00,  0.00000e+00}
      ref-p[    2]={ 0.00000e+00,  0.00000e+00,  0.00000e+00}
   compress (3x3):
      compress[    0]={ 0.00000e+00,  0.00000e+00,  0.00000e+00}
      compress[    1]={ 0.00000e+00,  0.00000e+00,  0.00000e+00}
      compress[    2]={ 0.00000e+00,  0.00000e+00,  0.00000e+00}
   refcoord-scaling     = No
   posres-com (3):
      posres-com[0]= 0.00000e+00
      posres-com[1]= 0.00000e+00
      posres-com[2]= 0.00000e+00
   posres-comB (3):
      posres-comB[0]= 0.00000e+00
      posres-comB[1]= 0.00000e+00
      posres-comB[2]= 0.00000e+00
   verlet-buffer-drift  = 0.005
   rlist                = 1.2
   rlistlong            = 1.2
   nstcalclr            = 0
   rtpi                 = 0.05
   coulombtype          = Shift
   coulomb-modifier     = None
   rcoulomb-switch      = 0
   rcoulomb             = 1.2
   vdwtype              = Shift
   vdw-modifier         = None
   rvdw-switch          = 0.9
   rvdw                 = 1.2
   epsilon-r            = 15
   epsilon-rf           = inf
   tabext               = 1
   implicit-solvent     = No
   gb-algorithm         = Still
   gb-epsilon-solvent   = 80
   nstgbradii           = 1
   rgbradii             = 1
   gb-saltconc          = 0
   gb-obc-alpha         = 1
   gb-obc-beta          = 0.8
   gb-obc-gamma         = 4.85
   gb-dielectric-offset = 0.009
   sa-algorithm         = Ace-approximation
   sa-surface-tension   = 2.05016
   DispCorr             = No
   bSimTemp             = FALSE
   free-energy          = no
   nwall                = 0
   wall-type            = 9-3
   wall-atomtype[0]     = -1
   wall-atomtype[1]     = -1
   wall-density[0]      = 0
   wall-density[1]      = 0
   wall-ewald-zfac      = 3
   pull                 = no
   rotation             = FALSE
   disre                = No
   disre-weighting      = Conservative
   disre-mixed          = FALSE
   dr-fc                = 1000
   dr-tau               = 0
   nstdisreout          = 100
   orires-fc            = 0
   orires-tau           = 0
   nstorireout          = 100
   dihre-fc             = 0
   em-stepsize          = 0.01
   em-tol               = 550
   niter                = 20
   fc-stepsize          = 0
   nstcgsteep           = 1000
   nbfgscorr            = 10
   ConstAlg             = Lincs
   shake-tol            = 0.0001
   lincs-order          = 4
   lincs-warnangle      = 30
   lincs-iter           = 1
   bd-fric              = 0
   ld-seed              = 1993
   cos-accel            = 0
   deform (3x3):
      deform[    0]={ 0.00000e+00,  0.00000e+00,  0.00000e+00}
      deform[    1]={ 0.00000e+00,  0.00000e+00,  0.00000e+00}
      deform[    2]={ 0.00000e+00,  0.00000e+00,  0.00000e+00}
   adress               = FALSE
   userint1             = 0
   userint2             = 0
   userint3             = 0
   userint4             = 0
   userreal1            = 0
   userreal2            = 0
   userreal3            = 0
   userreal4            = 0
grpopts:
   nrdf:       21501
   ref-t:           0
   tau-t:           0
anneal:          No
ann-npoints:           0
   acc:	           0           0           0
   nfreeze:           N           N           N
   energygrp-flags[  0]: 0
   efield-x:
      n = 0
   efield-xt:
      n = 0
   efield-y:
      n = 0
   efield-yt:
      n = 0
   efield-z:
      n = 0
   efield-zt:
      n = 0
   bQMMM                = FALSE
   QMconstraints        = 0
   QMMMscheme           = 0
   scalefactor          = 1
qm-opts:
   ngQM                 = 0

Initializing Domain Decomposition on 4 nodes
Dynamic load balancing: no
Will sort the charge groups at every domain (re)decomposition
Initial maximum inter charge-group distances:
    two-body bonded interactions: 1.021 nm, Bond, atoms 325 332
  multi-body bonded interactions: 0.772 nm, G96Angle, atoms 260 264
Minimum cell size due to bonded interactions: 0.849 nm
Maximum distance for 5 constraints, at 120 deg. angles, all-trans: 1.350 nm
Estimated maximum distance required for P-LINCS: 1.350 nm
This distance will limit the DD cell size, you can override this with -rcon
Optimizing the DD grid for 4 cells with a minimum initial size of 1.350 nm
The maximum allowed number of cells is: X 6 Y 6 Z 5
Domain decomposition grid 4 x 1 x 1, separate PME nodes 0
Domain decomposition nodeid 0, coordinates 0 0 0

Using 4 MPI threads

Detecting CPU-specific acceleration.
Present hardware specification:
Vendor: GenuineIntel
Brand:  Intel(R) Core(TM) i5-6600 CPU @ 3.30GHz
Family:  6  Model: 94  Stepping:  3
Features: aes apic avx avx2 clfsh cmov cx8 cx16 f16c fma htt lahf_lm mmx msr nonstop_tsc pcid pclmuldq pdcm pdpe1gb popcnt pse rdrnd rdtscp sse2 sse3 sse4.1 sse4.2 ssse3 tdt x2apic
Acceleration most likely to fit this hardware: AVX_256
Acceleration selected at GROMACS compile time: AVX_256

Table routines are used for coulomb: TRUE
Table routines are used for vdw:     TRUE
Using shifted Lennard-Jones, switch between 0.9 and 1.2 nm
Cut-off's:   NS: 1.2   Coulomb: 1.2   LJ: 1.2
System total charge: 0.000
Generated table with 1100 data points for Shift.
Tabscale = 500 points/nm
Generated table with 1100 data points for LJ6Shift.
Tabscale = 500 points/nm
Generated table with 1100 data points for LJ12Shift.
Tabscale = 500 points/nm
Potential shift: LJ r^-12: 0.000 r^-6 0.000
Removing pbc first time
Pinning threads with an auto-selected logical core stride of 1

Initializing Parallel LINear Constraint Solver

++++ PLEASE READ AND CITE THE FOLLOWING REFERENCE ++++
B. Hess
P-LINCS: A Parallel Linear Constraint Solver for molecular simulation
J. Chem. Theory Comput. 4 (2008) pp. 116-122
-------- -------- --- Thank You --- -------- --------

The number of constraints is 108
There are inter charge-group constraints,
will communicate selected coordinates each lincs iteration
65 constraints are involved in constraint triangles,
will apply an additional matrix expansion of order 4 for couplings
between constraints inside triangles

Linking all bonded interactions to atoms

The initial number of communication pulses is: X 1
The initial domain decomposition cell size is: X 2.15 nm

The maximum allowed distance for charge groups involved in interactions is:
                 non-bonded interactions           1.200 nm
            two-body bonded interactions  (-rdd)   1.200 nm
          multi-body bonded interactions  (-rdd)   1.200 nm
  atoms separated by up to 5 constraints  (-rcon)  2.153 nm


Making 1D domain decomposition grid 4 x 1 x 1, home cell index 0 0 0

Initiating Steepest Descents
Charge group distribution at step 0: 1841 1893 1841 1629
Grid: 9 x 10 x 7 cells
Started Steepest Descents on node 0 Tue Mar 10 17:07:20 2020

Steepest Descents:
   Tolerance (Fmax)   =  5.50000e+02
   Number of steps    =        10000

           Step           Time         Lambda
              0        0.00000        0.00000

DD  step 0 load imb.: force 17.9%

           Step           Time         Lambda
              1        1.00000        0.00000

   Energies (kJ/mol)
           Bond        G96Bond       G96Angle    Proper Dih.  Improper Dih.
    4.42516e+02    5.62635e+02    5.22434e+02    1.37169e+02    3.40974e+01
        LJ (SR)   Coulomb (SR) Position Rest.      Potential Pressure (bar)
    1.29909e+13   -3.82511e+01    5.43415e-03    1.29909e+13    2.35824e+01
   Constr. rmsd
    9.98378e-07

           Step           Time         Lambda
              2        2.00000        0.00000

   Energies (kJ/mol)
           Bond        G96Bond       G96Angle    Proper Dih.  Improper Dih.
    4.42516e+02    5.62635e+02    5.22434e+02    1.37169e+02    3.40974e+01
        LJ (SR)   Coulomb (SR) Position Rest.      Potential Pressure (bar)
    3.80453e+12   -3.82511e+01    5.43439e-03    3.80453e+12    2.35824e+01
   Constr. rmsd
    9.98378e-07

           Step           Time         Lambda
              3        3.00000        0.00000

   Energies (kJ/mol)
           Bond        G96Bond       G96Angle    Proper Dih.  Improper Dih.
    4.42516e+02    5.62635e+02    5.22434e+02    1.37169e+02    3.40974e+01
        LJ (SR)   Coulomb (SR) Position Rest.      Potential Pressure (bar)
    7.78299e+11   -3.82511e+01    5.43439e-03    7.78299e+11    2.35824e+01
   Constr. rmsd
    9.98378e-07

           Step           Time         Lambda
              4        4.00000        0.00000

   Energies (kJ/mol)
           Bond        G96Bond       G96Angle    Proper Dih.  Improper Dih.
    4.42516e+02    5.62635e+02    5.22434e+02    1.37169e+02    3.40974e+01
        LJ (SR)   Coulomb (SR) Position Rest.      Potential Pressure (bar)
    1.16147e+11   -3.82511e+01    5.43439e-03    1.16147e+11    2.35824e+01
   Constr. rmsd
    9.98378e-07

           Step           Time         Lambda
              5        5.00000        0.00000

   Energies (kJ/mol)
           Bond        G96Bond       G96Angle    Proper Dih.  Improper Dih.
    4.42516e+02    5.62635e+02    5.22434e+02    1.37169e+02    3.40974e+01
        LJ (SR)   Coulomb (SR) Position Rest.      Potential Pressure (bar)
    1.78983e+10   -3.82511e+01    5.43439e-03    1.78983e+10    2.35824e+01
   Constr. rmsd
    9.98378e-07

           Step           Time         Lambda
              6        6.00000        0.00000

   Energies (kJ/mol)
           Bond        G96Bond       G96Angle    Proper Dih.  Improper Dih.
    4.42516e+02    5.62635e+02    5.22434e+02    1.37169e+02    3.40974e+01
        LJ (SR)   Coulomb (SR) Position Rest.      Potential Pressure (bar)
    2.29717e+09   -3.82511e+01    5.43439e-03    2.29717e+09    2.35824e+01
   Constr. rmsd
    9.98378e-07

           Step           Time         Lambda
              7        7.00000        0.00000

   Energies (kJ/mol)
           Bond        G96Bond       G96Angle    Proper Dih.  Improper Dih.
    4.42516e+02    5.62635e+02    5.22434e+02    1.37169e+02    3.40974e+01
        LJ (SR)   Coulomb (SR) Position Rest.      Potential Pressure (bar)
    4.24129e+08   -3.82511e+01    5.43439e-03    4.24131e+08    2.35820e+01
   Constr. rmsd
    9.98378e-07

           Step           Time         Lambda
              8        8.00000        0.00000

   Energies (kJ/mol)
           Bond        G96Bond       G96Angle    Proper Dih.  Improper Dih.
    4.42517e+02    5.62635e+02    5.22434e+02    1.37169e+02    3.40975e+01
        LJ (SR)   Coulomb (SR) Position Rest.      Potential Pressure (bar)
    6.68331e+07   -3.82511e+01    5.43429e-03    6.68348e+07    2.35784e+01
   Constr. rmsd
    8.17937e-07

           Step           Time         Lambda
              9        9.00000        0.00000

   Energies (kJ/mol)
           Bond        G96Bond       G96Angle    Proper Dih.  Improper Dih.
    4.42530e+02    5.62636e+02    5.22431e+02    1.37168e+02    3.40971e+01
        LJ (SR)   Coulomb (SR) Position Rest.      Potential Pressure (bar)
    1.12080e+07   -3.82514e+01    5.44355e-03    1.12096e+07    2.35536e+01
   Constr. rmsd
    9.88768e-07

           Step           Time         Lambda
             10       10.00000        0.00000

   Energies (kJ/mol)
           Bond        G96Bond       G96Angle    Proper Dih.  Improper Dih.
    4.42630e+02    5.62641e+02    5.22407e+02    1.37159e+02    3.40952e+01
        LJ (SR)   Coulomb (SR) Position Rest.      Potential Pressure (bar)
    4.55204e+06   -3.82536e+01    6.06330e-03    4.55370e+06    2.33716e+01
   Constr. rmsd
    1.06905e-06

           Step           Time         Lambda
             11       11.00000        0.00000

   Energies (kJ/mol)
           Bond        G96Bond       G96Angle    Proper Dih.  Improper Dih.
    4.42712e+02    5.62645e+02    5.22388e+02    1.37151e+02    3.40937e+01
        LJ (SR)   Coulomb (SR) Position Rest.      Potential Pressure (bar)
    3.74367e+06   -3.82554e+01    7.22904e-03    3.74533e+06    2.32306e+01
   Constr. rmsd
    1.20451e-06

           Step           Time         Lambda
             12       12.00000        0.00000

   Energies (kJ/mol)
           Bond        G96Bond       G96Angle    Proper Dih.  Improper Dih.
    4.44037e+02    5.62717e+02    5.22121e+02    1.37048e+02    3.40724e+01
        LJ (SR)   Coulomb (SR) Position Rest.      Potential Pressure (bar)
    1.44021e+06   -3.82816e+01    8.97347e-02    1.44187e+06    2.13195e+01
   Constr. rmsd
    1.12254e-06

           Step           Time         Lambda
             13       13.00000        0.00000

   Energies (kJ/mol)
           Bond        G96Bond       G96Angle    Proper Dih.  Improper Dih.
    4.44649e+02    5.62754e+02    5.22018e+02    1.37014e+02    3.40645e+01
        LJ (SR)   Coulomb (SR) Position Rest.      Potential Pressure (bar)
    1.18921e+06   -3.82916e+01    1.49842e-01    1.19088e+06    2.06754e+01
   Constr. rmsd
    1.21971e-06

           Step           Time         Lambda
             14       14.00000        0.00000

           Step           Time         Lambda
             15       15.00000        0.00000

   Energies (kJ/mol)
           Bond        G96Bond       G96Angle    Proper Dih.  Improper Dih.
    4.44900e+02    5.62768e+02    5.21978e+02    1.37002e+02    3.40614e+01
        LJ (SR)   Coulomb (SR) Position Rest.      Potential Pressure (bar)
    1.07227e+06   -3.82958e+01    1.77456e-01    1.07393e+06    2.04320e+01
   Constr. rmsd
    1.37333e-06

           Step           Time         Lambda
             16       16.00000        0.00000

   Energies (kJ/mol)
           Bond        G96Bond       G96Angle    Proper Dih.  Improper Dih.
    4.45557e+02    5.62806e+02    5.21878e+02    1.36970e+02    3.40535e+01
        LJ (SR)   Coulomb (SR) Position Rest.      Potential Pressure (bar)
    9.51327e+05   -3.83066e+01    2.57809e-01    9.52990e+05    1.98350e+01
   Constr. rmsd
    8.90087e-07

           Step           Time         Lambda
             17       17.00000        0.00000

   Energies (kJ/mol)
           Bond        G96Bond       G96Angle    Proper Dih.  Improper Dih.
    4.48327e+02    5.62955e+02    5.21529e+02    1.36855e+02    3.40246e+01
        LJ (SR)   Coulomb (SR) Position Rest.      Potential Pressure (bar)
    6.95782e+05   -3.83497e+01    6.93978e-01    6.97448e+05    1.77930e+01
   Constr. rmsd
    9.65936e-07

           Step           Time         Lambda
             18       18.00000        0.00000

   Energies (kJ/mol)
           Bond        G96Bond       G96Angle    Proper Dih.  Improper Dih.
    4.56902e+02    5.63365e+02    5.20822e+02    1.36627e+02    3.39550e+01
        LJ (SR)   Coulomb (SR) Position Rest.      Potential Pressure (bar)
    4.11357e+05   -3.84763e+01    2.58386e+00    4.13033e+05    1.39286e+01
   Constr. rmsd
    1.26599e-06

           Step           Time         Lambda
             19       19.00000        0.00000

   Energies (kJ/mol)
           Bond        G96Bond       G96Angle    Proper Dih.  Improper Dih.
    4.59361e+02    5.63468e+02    5.20650e+02    1.36591e+02    3.39369e+01
        LJ (SR)   Coulomb (SR) Position Rest.      Potential Pressure (bar)
    3.64328e+05   -3.85194e+01    3.20533e+00    3.66006e+05    1.31796e+01
   Constr. rmsd
    1.16506e-06

           Step           Time         Lambda
             20       20.00000        0.00000

   Energies (kJ/mol)
           Bond        G96Bond       G96Angle    Proper Dih.  Improper Dih.
    4.67073e+02    5.63786e+02    5.20268e+02    1.36519e+02    3.38855e+01
        LJ (SR)   Coulomb (SR) Position Rest.      Potential Pressure (bar)
    2.67692e+05   -3.86508e+01    5.35009e+00    2.69380e+05    1.13184e+01
   Constr. rmsd
    9.49708e-07

           Step           Time         Lambda
             21       21.00000        0.00000

   Energies (kJ/mol)
           Bond        G96Bond       G96Angle    Proper Dih.  Improper Dih.
    5.22360e+02    5.66299e+02    5.21777e+02    1.36951e+02    3.36356e+01
        LJ (SR)   Coulomb (SR) Position Rest.      Potential Pressure (bar)
    9.82846e+04   -3.94767e+01    2.52327e+01    1.00051e+05    5.73234e+00
   Constr. rmsd
    1.19998e-06

           Step           Time         Lambda
             22       22.00000        0.00000

   Energies (kJ/mol)
           Bond        G96Bond       G96Angle    Proper Dih.  Improper Dih.
    5.23395e+02    5.66334e+02    5.21830e+02    1.37002e+02    3.36290e+01
        LJ (SR)   Coulomb (SR) Position Rest.      Potential Pressure (bar)
    6.19212e+04   -3.94979e+01    2.56873e+01    6.36896e+04    5.67710e+00
   Constr. rmsd
    1.10871e-06

           Step           Time         Lambda
             23       23.00000        0.00000

   Energies (kJ/mol)
           Bond        G96Bond       G96Angle    Proper Dih.  Improper Dih.
    5.43494e+02    5.67189e+02    5.23609e+02    1.38216e+02    3.35093e+01
        LJ (SR)   Coulomb (SR) Position Rest.      Potential Pressure (bar)
    2.31290e+04   -3.98870e+01    3.50231e+01    2.49302e+04    4.77765e+00
   Constr. rmsd
    1.36181e-06

           Step           Time         Lambda
             24       24.00000        0.00000

           Step           Time         Lambda
             25       25.00000        0.00000

   Energies (kJ/mol)
           Bond        G96Bond       G96Angle    Proper Dih.  Improper Dih.
    5.50728e+02    5.67521e+02    5.24078e+02    1.38757e+02    3.34462e+01
        LJ (SR)   Coulomb (SR) Position Rest.      Potential Pressure (bar)
    4.22033e+03   -3.99863e+01    3.87718e+01    6.03365e+03    4.50476e+00
   Constr. rmsd
    1.68505e-06

           Step           Time         Lambda
             26       26.00000        0.00000

   Energies (kJ/mol)
           Bond        G96Bond       G96Angle    Proper Dih.  Improper Dih.
    5.62310e+02    5.68112e+02    5.24965e+02    1.39741e+02    3.33453e+01
        LJ (SR)   Coulomb (SR) Position Rest.      Potential Pressure (bar)
   -1.45963e+04   -4.01273e+01    4.51868e+01   -1.27628e+04    4.11731e+00
   Constr. rmsd
    1.08022e-06

           Step           Time         Lambda
             27       27.00000        0.00000

           Step           Time         Lambda
             28       28.00000        0.00000

   Energies (kJ/mol)
           Bond        G96Bond       G96Angle    Proper Dih.  Improper Dih.
    5.73808e+02    5.68761e+02    5.25852e+02    1.40812e+02    3.32396e+01
        LJ (SR)   Coulomb (SR) Position Rest.      Potential Pressure (bar)
   -2.78864e+04   -4.02364e+01    5.22440e+01   -2.60319e+04    3.77774e+00
   Constr. rmsd
    1.87668e-06

           Step           Time         Lambda
             29       29.00000        0.00000

   Energies (kJ/mol)
           Bond        G96Bond       G96Angle    Proper Dih.  Improper Dih.
    5.79773e+02    5.69123e+02    5.26217e+02    1.41377e+02    3.31788e+01
        LJ (SR)   Coulomb (SR) Position Rest.      Potential Pressure (bar)
   -3.70577e+04   -4.02742e+01    5.63419e+01   -3.51920e+04    3.61221e+00
   Constr. rmsd
    7.34049e-07

           Step           Time         Lambda
             30       30.00000        0.00000

   Energies (kJ/mol)
           Bond        G96Bond       G96Angle    Proper Dih.  Improper Dih.
    5.92504e+02    5.70008e+02    5.26970e+02    1.42619e+02    3.30456e+01
        LJ (SR)   Coulomb (SR) Position Rest.      Potential Pressure (bar)
   -5.08948e+04   -4.03284e+01    6.59106e+01   -4.90041e+04    3.29301e+00
   Constr. rmsd
    1.80571e-06

           Step           Time         Lambda
             31       31.00000        0.00000

   Energies (kJ/mol)
           Bond        G96Bond       G96Angle    Proper Dih.  Improper Dih.
    5.98281e+02    5.70481e+02    5.27085e+02    1.43168e+02    3.29726e+01
        LJ (SR)   Coulomb (SR) Position Rest.      Potential Pressure (bar)
   -5.99904e+04   -4.03214e+01    7.11768e+01   -5.80876e+04    3.14986e+00
   Constr. rmsd
    1.72408e-06

           Step           Time         Lambda
             32       32.00000        0.00000

           Step           Time         Lambda
             33       33.00000        0.00000

   Energies (kJ/mol)
           Bond        G96Bond       G96Angle    Proper Dih.  Improper Dih.
    6.03540e+02    5.70981e+02    5.27074e+02    1.43669e+02    3.28980e+01
        LJ (SR)   Coulomb (SR) Position Rest.      Potential Pressure (bar)
   -6.74079e+04   -4.02972e+01    7.66330e+01   -6.54934e+04    3.02078e+00
   Constr. rmsd
    1.23519e-06

           Step           Time         Lambda
             34       34.00000        0.00000

   Energies (kJ/mol)
           Bond        G96Bond       G96Angle    Proper Dih.  Improper Dih.
    6.12116e+02    5.71995e+02    5.26891e+02    1.44505e+02    3.27610e+01
        LJ (SR)   Coulomb (SR) Position Rest.      Potential Pressure (bar)
   -7.85004e+04   -4.02230e+01    8.70523e+01   -7.65653e+04    2.81746e+00
   Constr. rmsd
    1.61190e-06

           Step           Time         Lambda
             35       35.00000        0.00000

           Step           Time         Lambda
             36       36.00000        0.00000

   Energies (kJ/mol)
           Bond        G96Bond       G96Angle    Proper Dih.  Improper Dih.
    6.16060e+02    5.72689e+02    5.26491e+02    1.44903e+02    3.26678e+01
        LJ (SR)   Coulomb (SR) Position Rest.      Potential Pressure (bar)
   -8.58158e+04   -4.01424e+01    9.39176e+01   -8.38692e+04    2.70933e+00
   Constr. rmsd
    2.15769e-06

           Step           Time         Lambda
             37       37.00000        0.00000

   Energies (kJ/mol)
           Bond        G96Bond       G96Angle    Proper Dih.  Improper Dih.
    6.18378e+02    5.73276e+02    5.26080e+02    1.45159e+02    3.25905e+01
        LJ (SR)   Coulomb (SR) Position Rest.      Potential Pressure (bar)
   -9.11693e+04   -4.00664e+01    9.94621e+01   -8.92144e+04    2.63402e+00
   Constr. rmsd
    1.41106e-06

           Step           Time         Lambda
             38       38.00000        0.00000

   Energies (kJ/mol)
           Bond        G96Bond       G96Angle    Proper Dih.  Improper Dih.
    6.22123e+02    5.74700e+02    5.25215e+02    1.45653e+02    3.24192e+01
        LJ (SR)   Coulomb (SR) Position Rest.      Potential Pressure (bar)
   -1.00320e+05   -3.98880e+01    1.11884e+02   -9.83479e+04    2.49604e+00
   Constr. rmsd
    1.19358e-06

           Step           Time         Lambda
             39       39.00000        0.00000

           Step           Time         Lambda
             40       40.00000        0.00000

   Energies (kJ/mol)
           Bond        G96Bond       G96Angle    Proper Dih.  Improper Dih.
    6.22382e+02    5.75490e+02    5.24652e+02    1.45780e+02    3.23203e+01
        LJ (SR)   Coulomb (SR) Position Rest.      Potential Pressure (bar)
   -1.05647e+05   -3.97842e+01    1.18294e+02   -1.03668e+05    2.43893e+00
   Constr. rmsd
    1.82084e-06

           Step           Time         Lambda
             41       41.00000        0.00000

   Energies (kJ/mol)
           Bond        G96Bond       G96Angle    Proper Dih.  Improper Dih.
    6.21526e+02    5.77395e+02    5.23621e+02    1.45987e+02    3.20959e+01
        LJ (SR)   Coulomb (SR) Position Rest.      Potential Pressure (bar)
   -1.13949e+05   -3.95615e+01    1.32605e+02   -1.11955e+05    2.33631e+00
   Constr. rmsd
    1.10354e-06

           Step           Time         Lambda
             42       42.00000        0.00000

   Energies (kJ/mol)
           Bond        G96Bond       G96Angle    Proper Dih.  Improper Dih.
    6.19977e+02    5.78101e+02    5.23226e+02    1.45954e+02    3.20013e+01
        LJ (SR)   Coulomb (SR) Position Rest.      Potential Pressure (bar)
   -1.17589e+05   -3.94868e+01    1.37594e+02   -1.15591e+05    2.30680e+00
   Constr. rmsd
    1.46783e-06

           Step           Time         Lambda
             43       43.00000        0.00000

   Energies (kJ/mol)
           Bond        G96Bond       G96Angle    Proper Dih.  Improper Dih.
    6.10144e+02    5.83091e+02    5.22073e+02    1.45808e+02    3.14275e+01
        LJ (SR)   Coulomb (SR) Position Rest.      Potential Pressure (bar)
   -1.29725e+05   -3.90739e+01    1.69899e+02   -1.27702e+05    2.16765e+00
   Constr. rmsd
    2.33018e-06

           Step           Time         Lambda
             44       44.00000        0.00000

   Energies (kJ/mol)
           Bond        G96Bond       G96Angle    Proper Dih.  Improper Dih.
    6.07870e+02    5.83566e+02    5.21885e+02    1.45644e+02    3.13398e+01
        LJ (SR)   Coulomb (SR) Position Rest.      Potential Pressure (bar)
   -1.32576e+05   -3.90523e+01    1.72903e+02   -1.30551e+05    2.15559e+00
   Constr. rmsd
    1.61496e-06

           Step           Time         Lambda
             45       45.00000        0.00000

   Energies (kJ/mol)
           Bond        G96Bond       G96Angle    Proper Dih.  Improper Dih.
    5.99990e+02    5.85307e+02    5.21329e+02    1.45077e+02    3.10288e+01
        LJ (SR)   Coulomb (SR) Position Rest.      Potential Pressure (bar)
   -1.36058e+05   -3.89871e+01    1.83763e+02   -1.34030e+05    2.11428e+00
   Constr. rmsd
    1.64223e-06

           Step           Time         Lambda
             46       46.00000        0.00000

   Energies (kJ/mol)
           Bond        G96Bond       G96Angle    Proper Dih.  Improper Dih.
    5.94033e+02    5.86547e+02    5.20882e+02    1.44631e+02    3.07855e+01
        LJ (SR)   Coulomb (SR) Position Rest.      Potential Pressure (bar)
   -1.38391e+05   -3.89655e+01    1.91654e+02   -1.36361e+05    2.08400e+00
   Constr. rmsd
    1.58124e-06

           Step           Time         Lambda
             47       47.00000        0.00000

           Step           Time         Lambda
             48       48.00000        0.00000

   Energies (kJ/mol)
           Bond        G96Bond       G96Angle    Proper Dih.  Improper Dih.
    5.91284e+02    5.87088e+02    5.20661e+02    1.44416e+02    3.06715e+01
        LJ (SR)   Coulomb (SR) Position Rest.      Potential Pressure (bar)
   -1.40382e+05   -3.89636e+01    1.95183e+02   -1.38351e+05    2.07015e+00
   Constr. rmsd
    1.69952e-06

           Step           Time         Lambda
             49       49.00000        0.00000

   Energies (kJ/mol)
           Bond        G96Bond       G96Angle    Proper Dih.  Improper Dih.
    5.85253e+02    5.88306e+02    5.20188e+02    1.43938e+02    3.04180e+01
        LJ (SR)   Coulomb (SR) Position Rest.      Potential Pressure (bar)
   -1.42646e+05   -3.89668e+01    2.03107e+02   -1.40613e+05    2.03958e+00
   Constr. rmsd
    1.79486e-06

           Step           Time         Lambda
             50       50.00000        0.00000

   Energies (kJ/mol)
           Bond        G96Bond       G96Angle    Proper Dih.  Improper Dih.
    5.78053e+02    5.89746e+02    5.19598e+02    1.43345e+02    3.01089e+01
        LJ (SR)   Coulomb (SR) Position Rest.      Potential Pressure (bar)
   -1.44385e+05   -3.89895e+01    2.12638e+02   -1.42350e+05    2.00274e+00
   Constr. rmsd
    1.49448e-06

           Step           Time         Lambda
             51       51.00000        0.00000

   Energies (kJ/mol)
           Bond        G96Bond       G96Angle    Proper Dih.  Improper Dih.
    5.75324e+02    5.90256e+02    5.19344e+02    1.43107e+02    2.99894e+01
        LJ (SR)   Coulomb (SR) Position Rest.      Potential Pressure (bar)
   -1.45455e+05   -3.90057e+01    2.16164e+02   -1.43420e+05    1.98866e+00
   Constr. rmsd
    1.80407e-06

           Step           Time         Lambda
             52       52.00000        0.00000

           Step           Time         Lambda
             53       53.00000        0.00000

           Step           Time         Lambda
             54       54.00000        0.00000

   Energies (kJ/mol)
           Bond        G96Bond       G96Angle    Proper Dih.  Improper Dih.
    5.74475e+02    5.90411e+02    5.19261e+02    1.43032e+02    2.99518e+01
        LJ (SR)   Coulomb (SR) Position Rest.      Potential Pressure (bar)
   -1.46803e+05   -3.90116e+01    2.17254e+02   -1.44767e+05    1.98427e+00
   Constr. rmsd
    1.90206e-06

           Step           Time         Lambda
             55       55.00000        0.00000

   Energies (kJ/mol)
           Bond        G96Bond       G96Angle    Proper Dih.  Improper Dih.
    5.70418e+02    5.91172e+02    5.18870e+02    1.42672e+02    2.97716e+01
        LJ (SR)   Coulomb (SR) Position Rest.      Potential Pressure (bar)
   -1.48371e+05   -3.90409e+01    2.22574e+02   -1.46334e+05    1.96313e+00
   Constr. rmsd
    1.89531e-06

           Step           Time         Lambda
             56       56.00000        0.00000

   Energies (kJ/mol)
           Bond        G96Bond       G96Angle    Proper Dih.  Improper Dih.
    5.67525e+02    5.91703e+02    5.18573e+02    1.42410e+02    2.96415e+01
        LJ (SR)   Coulomb (SR) Position Rest.      Potential Pressure (bar)
   -1.49583e+05   -3.90657e+01    2.26372e+02   -1.47546e+05    1.94794e+00
   Constr. rmsd
    1.71983e-06

           Step           Time         Lambda
             57       57.00000        0.00000

   Energies (kJ/mol)
           Bond        G96Bond       G96Angle    Proper Dih.  Improper Dih.
    5.61192e+02    5.92895e+02    5.17909e+02    1.41824e+02    2.93533e+01
        LJ (SR)   Coulomb (SR) Position Rest.      Potential Pressure (bar)
   -1.51757e+05   -3.91266e+01    2.34926e+02   -1.49718e+05    1.91427e+00
   Constr. rmsd
    1.35381e-06

           Step           Time         Lambda
             58       58.00000        0.00000

   Energies (kJ/mol)
           Bond        G96Bond       G96Angle    Proper Dih.  Improper Dih.
    5.50228e+02    5.95012e+02    5.16664e+02    1.40766e+02    2.88409e+01
        LJ (SR)   Coulomb (SR) Position Rest.      Potential Pressure (bar)
   -1.54780e+05   -3.92568e+01    2.50413e+02   -1.52737e+05    1.85481e+00
   Constr. rmsd
    1.10675e-06

           Step           Time         Lambda
             59       59.00000        0.00000

   Energies (kJ/mol)
           Bond        G96Bond       G96Angle    Proper Dih.  Improper Dih.
    5.45479e+02    5.95838e+02    5.15994e+02    1.40273e+02    2.86086e+01
        LJ (SR)   Coulomb (SR) Position Rest.      Potential Pressure (bar)
   -1.56430e+05   -3.93285e+01    2.57104e+02   -1.54386e+05    1.82858e+00
   Constr. rmsd
    1.11013e-06

           Step           Time         Lambda
             60       60.00000        0.00000

   Energies (kJ/mol)
           Bond        G96Bond       G96Angle    Proper Dih.  Improper Dih.
    5.34572e+02    5.97832e+02    5.14367e+02    1.39113e+02    2.80700e+01
        LJ (SR)   Coulomb (SR) Position Rest.      Potential Pressure (bar)
   -1.58302e+05   -3.95095e+01    2.73355e+02   -1.56254e+05    1.76751e+00
   Constr. rmsd
    1.60109e-06

           Step           Time         Lambda
             61       61.00000        0.00000

   Energies (kJ/mol)
           Bond        G96Bond       G96Angle    Proper Dih.  Improper Dih.
    5.30500e+02    5.98491e+02    5.13629e+02    1.38651e+02    2.78632e+01
        LJ (SR)   Coulomb (SR) Position Rest.      Potential Pressure (bar)
   -1.59478e+05   -3.95871e+01    2.79489e+02   -1.57429e+05    1.74447e+00
   Constr. rmsd
    1.05395e-06

           Step           Time         Lambda
             62       62.00000        0.00000

           Step           Time         Lambda
             63       63.00000        0.00000

   Energies (kJ/mol)
           Bond        G96Bond       G96Angle    Proper Dih.  Improper Dih.
    5.28500e+02    5.98802e+02    5.13243e+02    1.38419e+02    2.77617e+01
        LJ (SR)   Coulomb (SR) Position Rest.      Potential Pressure (bar)
   -1.60078e+05   -3.96266e+01    2.82537e+02   -1.58029e+05    1.73312e+00
   Constr. rmsd
    1.50985e-06

           Step           Time         Lambda
             64       64.00000        0.00000

   Energies (kJ/mol)
           Bond        G96Bond       G96Angle    Proper Dih.  Improper Dih.
    5.25675e+02    5.99242e+02    5.12685e+02    1.38088e+02    2.76189e+01
        LJ (SR)   Coulomb (SR) Position Rest.      Potential Pressure (bar)
   -1.60299e+05   -3.96837e+01    2.86913e+02   -1.58248e+05    1.71703e+00
   Constr. rmsd
    1.45160e-06

           Step           Time         Lambda
             65       65.00000        0.00000

   Energies (kJ/mol)
           Bond        G96Bond       G96Angle    Proper Dih.  Improper Dih.
    5.23959e+02    5.99502e+02    5.12331e+02    1.37885e+02    2.75324e+01
        LJ (SR)   Coulomb (SR) Position Rest.      Potential Pressure (bar)
   -1.62312e+05   -3.97190e+01    2.89602e+02   -1.60261e+05    1.70726e+00
   Constr. rmsd
    1.08186e-06

           Step           Time         Lambda
             66       66.00000        0.00000

           Step           Time         Lambda
             67       67.00000        0.00000

   Energies (kJ/mol)
           Bond        G96Bond       G96Angle    Proper Dih.  Improper Dih.
    5.16851e+02    6.00647e+02    5.10834e+02    1.37038e+02    2.71757e+01
        LJ (SR)   Coulomb (SR) Position Rest.      Potential Pressure (bar)
   -1.63708e+05   -3.98695e+01    3.01215e+02   -1.61654e+05    1.66660e+00
   Constr. rmsd
    1.56127e-06

           Step           Time         Lambda
             68       68.00000        0.00000

   Energies (kJ/mol)
           Bond        G96Bond       G96Angle    Proper Dih.  Improper Dih.
    5.15198e+02    6.00885e+02    5.10442e+02    1.36832e+02    2.70934e+01
        LJ (SR)   Coulomb (SR) Position Rest.      Potential Pressure (bar)
   -1.64644e+05   -3.99060e+01    3.03963e+02   -1.62589e+05    1.65715e+00
   Constr. rmsd
    1.53950e-06

           Step           Time         Lambda
             69       69.00000        0.00000

   Energies (kJ/mol)
           Bond        G96Bond       G96Angle    Proper Dih.  Improper Dih.
    5.08684e+02    6.01880e+02    5.08863e+02    1.36019e+02    2.67724e+01
        LJ (SR)   Coulomb (SR) Position Rest.      Potential Pressure (bar)
   -1.64903e+05   -4.00530e+01    3.15238e+02   -1.62846e+05    1.61985e+00
   Constr. rmsd
    1.84838e-06

           Step           Time         Lambda
             70       70.00000        0.00000

   Energies (kJ/mol)
           Bond        G96Bond       G96Angle    Proper Dih.  Improper Dih.
    5.07272e+02    6.02071e+02    5.08483e+02    1.35834e+02    2.67044e+01
        LJ (SR)   Coulomb (SR) Position Rest.      Potential Pressure (bar)
   -1.64962e+05   -4.00857e+01    3.17735e+02   -1.62904e+05    1.61178e+00
   Constr. rmsd
    8.63753e-07

           Step           Time         Lambda
             71       71.00000        0.00000

           Step           Time         Lambda
             72       72.00000        0.00000

   Energies (kJ/mol)
           Bond        G96Bond       G96Angle    Proper Dih.  Improper Dih.
    5.06496e+02    6.02174e+02    5.08270e+02    1.35732e+02    2.66672e+01
        LJ (SR)   Coulomb (SR) Position Rest.      Potential Pressure (bar)
   -1.66460e+05   -4.01037e+01    3.19117e+02   -1.64402e+05    1.60736e+00
   Constr. rmsd
    1.49501e-06

           Step           Time         Lambda
             73       73.00000        0.00000

   Energies (kJ/mol)
           Bond        G96Bond       G96Angle    Proper Dih.  Improper Dih.
    5.04718e+02    6.02411e+02    5.07774e+02    1.35497e+02    2.65822e+01
        LJ (SR)   Coulomb (SR) Position Rest.      Potential Pressure (bar)
   -1.67184e+05   -4.01452e+01    3.22329e+02   -1.65125e+05    1.59721e+00
   Constr. rmsd
    1.62762e-06

           Step           Time         Lambda
             74       74.00000        0.00000

   Energies (kJ/mol)
           Bond        G96Bond       G96Angle    Proper Dih.  Improper Dih.
    5.00056e+02    6.03056e+02    5.06439e+02    1.34876e+02    2.63611e+01
        LJ (SR)   Coulomb (SR) Position Rest.      Potential Pressure (bar)
   -1.68307e+05   -4.02555e+01    3.31028e+02   -1.66246e+05    1.57063e+00
   Constr. rmsd
    2.24344e-06

           Step           Time         Lambda
             75       75.00000        0.00000

           Step           Time         Lambda
             76       76.00000        0.00000

   Energies (kJ/mol)
           Bond        G96Bond       G96Angle    Proper Dih.  Improper Dih.
    4.98400e+02    6.03267e+02    5.05910e+02    1.34644e+02    2.62764e+01
        LJ (SR)   Coulomb (SR) Position Rest.      Potential Pressure (bar)
   -1.69318e+05   -4.02960e+01    3.34305e+02   -1.67256e+05    1.56106e+00
   Constr. rmsd
    1.15919e-06

           Step           Time         Lambda
             77       77.00000        0.00000

   Energies (kJ/mol)
           Bond        G96Bond       G96Angle    Proper Dih.  Improper Dih.
    4.86476e+02    6.05054e+02    5.02073e+02    1.32983e+02    2.57043e+01
        LJ (SR)   Coulomb (SR) Position Rest.      Potential Pressure (bar)
   -1.72395e+05   -4.05909e+01    3.59463e+02   -1.70324e+05    1.49366e+00
   Constr. rmsd
    1.44943e-06

           Step           Time         Lambda
             78       78.00000        0.00000

   Energies (kJ/mol)
           Bond        G96Bond       G96Angle    Proper Dih.  Improper Dih.
    4.60077e+02    6.09498e+02    4.91938e+02    1.28976e+02    2.47908e+01
        LJ (SR)   Coulomb (SR) Position Rest.      Potential Pressure (bar)
   -1.72450e+05   -4.12647e+01    4.27818e+02   -1.70348e+05    1.35740e+00
   Constr. rmsd
    6.92874e-06

           Step           Time         Lambda
             79       79.00000        0.00000

   Energies (kJ/mol)
           Bond        G96Bond       G96Angle    Proper Dih.  Improper Dih.
    4.59977e+02    6.09474e+02    4.91851e+02    1.28942e+02    2.47875e+01
        LJ (SR)   Coulomb (SR) Position Rest.      Potential Pressure (bar)
   -1.76643e+05   -4.12669e+01    4.28221e+02   -1.74541e+05    1.35681e+00
   Constr. rmsd
    1.32508e-06

           Step           Time         Lambda
             80       80.00000        0.00000

   Energies (kJ/mol)
           Bond        G96Bond       G96Angle    Proper Dih.  Improper Dih.
    4.59191e+02    6.09295e+02    4.91188e+02    1.28678e+02    2.47628e+01
        LJ (SR)   Coulomb (SR) Position Rest.      Potential Pressure (bar)
   -1.77158e+05   -4.12836e+01    4.31402e+02   -1.75054e+05    1.35217e+00
   Constr. rmsd
    8.60778e-07

           Step           Time         Lambda
             81       81.00000        0.00000

   Energies (kJ/mol)
           Bond        G96Bond       G96Angle    Proper Dih.  Improper Dih.
    4.58230e+02    6.09101e+02    4.90488e+02    1.28392e+02    2.47363e+01
        LJ (SR)   Coulomb (SR) Position Rest.      Potential Pressure (bar)
   -1.77363e+05   -4.13017e+01    4.34966e+02   -1.75259e+05    1.34701e+00
   Constr. rmsd
    1.34342e-06

           Step           Time         Lambda
             82       82.00000        0.00000

           Step           Time         Lambda
             83       83.00000        0.00000

   Energies (kJ/mol)
           Bond        G96Bond       G96Angle    Proper Dih.  Improper Dih.
    4.57829e+02    6.09028e+02    4.90223e+02    1.28284e+02    2.47260e+01
        LJ (SR)   Coulomb (SR) Position Rest.      Potential Pressure (bar)
   -1.78139e+05   -4.13084e+01    4.36356e+02   -1.76034e+05    1.34502e+00
   Constr. rmsd
    1.33960e-06

           Step           Time         Lambda
             84       84.00000        0.00000

           Step           Time         Lambda
             85       85.00000        0.00000

   Energies (kJ/mol)
           Bond        G96Bond       G96Angle    Proper Dih.  Improper Dih.
    4.57436e+02    6.08957e+02    4.89973e+02    1.28179e+02    2.47157e+01
        LJ (SR)   Coulomb (SR) Position Rest.      Potential Pressure (bar)
   -1.78958e+05   -4.13148e+01    4.37686e+02   -1.76852e+05    1.34313e+00
   Constr. rmsd
    1.40166e-06

           Step           Time         Lambda
             86       86.00000        0.00000

   Energies (kJ/mol)
           Bond        G96Bond       G96Angle    Proper Dih.  Improper Dih.
    4.55599e+02    6.08654e+02    4.88832e+02    1.27702e+02    2.46675e+01
        LJ (SR)   Coulomb (SR) Position Rest.      Potential Pressure (bar)
   -1.79625e+05   -4.13434e+01    4.43898e+02   -1.77517e+05    1.33454e+00
   Constr. rmsd
    1.28377e-06

           Step           Time         Lambda
             87       87.00000        0.00000

           Step           Time         Lambda
             88       88.00000        0.00000

   Energies (kJ/mol)
           Bond        G96Bond       G96Angle    Proper Dih.  Improper Dih.
    4.54463e+02    6.08477e+02    4.88189e+02    1.27429e+02    2.46340e+01
        LJ (SR)   Coulomb (SR) Position Rest.      Potential Pressure (bar)
   -1.80213e+05   -4.13582e+01    4.47439e+02   -1.78104e+05    1.32974e+00
   Constr. rmsd
    1.04076e-06

           Step           Time         Lambda
             89       89.00000        0.00000

   Energies (kJ/mol)
           Bond        G96Bond       G96Angle    Proper Dih.  Improper Dih.
    4.50381e+02    6.07890e+02    4.85939e+02    1.26464e+02    2.45105e+01
        LJ (SR)   Coulomb (SR) Position Rest.      Potential Pressure (bar)
   -1.81357e+05   -4.14070e+01    4.60277e+02   -1.79243e+05    1.31326e+00
   Constr. rmsd
    8.67402e-07

           Step           Time         Lambda
             90       90.00000        0.00000

   Energies (kJ/mol)
           Bond        G96Bond       G96Angle    Proper Dih.  Improper Dih.
    4.46531e+02    6.07276e+02    4.83950e+02    1.25590e+02    2.43872e+01
        LJ (SR)   Coulomb (SR) Position Rest.      Potential Pressure (bar)
   -1.82259e+05   -4.14398e+01    4.71585e+02   -1.80141e+05    1.29959e+00
   Constr. rmsd
    2.18722e-06

           Step           Time         Lambda
             91       91.00000        0.00000

   Energies (kJ/mol)
           Bond        G96Bond       G96Angle    Proper Dih.  Improper Dih.
    4.44603e+02    6.06911e+02    4.83009e+02    1.25162e+02    2.43412e+01
        LJ (SR)   Coulomb (SR) Position Rest.      Potential Pressure (bar)
   -1.82807e+05   -4.14508e+01    4.77056e+02   -1.80687e+05    1.29322e+00
   Constr. rmsd
    1.14393e-06

           Step           Time         Lambda
             92       92.00000        0.00000

   Energies (kJ/mol)
           Bond        G96Bond       G96Angle    Proper Dih.  Improper Dih.
    4.41811e+02    6.06344e+02    4.81638e+02    1.24527e+02    2.42758e+01
        LJ (SR)   Coulomb (SR) Position Rest.      Potential Pressure (bar)
   -1.83102e+05   -4.14630e+01    4.85047e+02   -1.80979e+05    1.28415e+00
   Constr. rmsd
    1.38751e-06

           Step           Time         Lambda
             93       93.00000        0.00000

   Energies (kJ/mol)
           Bond        G96Bond       G96Angle    Proper Dih.  Improper Dih.
    4.40691e+02    6.06091e+02    4.81093e+02    1.24273e+02    2.42520e+01
        LJ (SR)   Coulomb (SR) Position Rest.      Potential Pressure (bar)
   -1.83272e+05   -4.14659e+01    4.88189e+02   -1.81149e+05    1.28062e+00
   Constr. rmsd
    1.31341e-06

           Step           Time         Lambda
             94       94.00000        0.00000

   Energies (kJ/mol)
           Bond        G96Bond       G96Angle    Proper Dih.  Improper Dih.
    4.39505e+02    6.05815e+02    4.80517e+02    1.24005e+02    2.42269e+01
        LJ (SR)   Coulomb (SR) Position Rest.      Potential Pressure (bar)
   -1.83360e+05   -4.14683e+01    4.91503e+02   -1.81236e+05    1.27694e+00
   Constr. rmsd
    1.10568e-06

           Step           Time         Lambda
             95       95.00000        0.00000

           Step           Time         Lambda
             96       96.00000        0.00000

   Energies (kJ/mol)
           Bond        G96Bond       G96Angle    Proper Dih.  Improper Dih.
    4.39049e+02    6.05705e+02    4.80296e+02    1.23902e+02    2.42176e+01
        LJ (SR)   Coulomb (SR) Position Rest.      Potential Pressure (bar)
   -1.84127e+05   -4.14690e+01    4.92763e+02   -1.82002e+05    1.27552e+00
   Constr. rmsd
    1.13127e-06

           Step           Time         Lambda
             97       97.00000        0.00000

   Energies (kJ/mol)
           Bond        G96Bond       G96Angle    Proper Dih.  Improper Dih.
    4.34023e+02    6.04540e+02    4.77887e+02    1.22764e+02    2.41166e+01
        LJ (SR)   Coulomb (SR) Position Rest.      Potential Pressure (bar)
   -1.85295e+05   -4.14743e+01    5.07206e+02   -1.83166e+05    1.26015e+00
   Constr. rmsd
    1.75606e-06

           Step           Time         Lambda
             98       98.00000        0.00000

   Energies (kJ/mol)
           Bond        G96Bond       G96Angle    Proper Dih.  Improper Dih.
    4.28564e+02    6.03037e+02    4.75326e+02    1.21506e+02    2.40153e+01
        LJ (SR)   Coulomb (SR) Position Rest.      Potential Pressure (bar)
   -1.86412e+05   -4.14651e+01    5.22786e+02   -1.84278e+05    1.24392e+00
   Constr. rmsd
    1.79969e-06

           Step           Time         Lambda
             99       99.00000        0.00000

   Energies (kJ/mol)
           Bond        G96Bond       G96Angle    Proper Dih.  Improper Dih.
    4.25188e+02    6.01883e+02    4.74020e+02    1.20684e+02    2.39840e+01
        LJ (SR)   Coulomb (SR) Position Rest.      Potential Pressure (bar)
   -1.86804e+05   -4.14513e+01    5.32729e+02   -1.84667e+05    1.23342e+00
   Constr. rmsd
    1.77262e-06

DD  step 99 load imb.: force 124.8%

           Step           Time         Lambda
            100      100.00000        0.00000

DD  step 99 load imb.: force  6.3%

           Step           Time         Lambda
            101      101.00000        0.00000

   Energies (kJ/mol)
           Bond        G96Bond       G96Angle    Proper Dih.  Improper Dih.
    4.24338e+02    6.01593e+02    4.73377e+02    1.20496e+02    2.39427e+01
        LJ (SR)   Coulomb (SR) Position Rest.      Potential Pressure (bar)
   -1.87270e+05   -4.14477e+01    5.34729e+02   -1.85133e+05    1.23118e+00
   Constr. rmsd
    1.06346e-06

           Step           Time         Lambda
            102      102.00000        0.00000

   Energies (kJ/mol)
           Bond        G96Bond       G96Angle    Proper Dih.  Improper Dih.
    4.21758e+02    6.00695e+02    4.71827e+02    1.19920e+02    2.38452e+01
        LJ (SR)   Coulomb (SR) Position Rest.      Potential Pressure (bar)
   -1.87619e+05   -4.14364e+01    5.41039e+02   -1.85481e+05    1.22410e+00
   Constr. rmsd
    1.88581e-06

           Step           Time         Lambda
            103      103.00000        0.00000

   Energies (kJ/mol)
           Bond        G96Bond       G96Angle    Proper Dih.  Improper Dih.
    4.20185e+02    6.00085e+02    4.71226e+02    1.19564e+02    2.38136e+01
        LJ (SR)   Coulomb (SR) Position Rest.      Potential Pressure (bar)
   -1.87775e+05   -4.14290e+01    5.44979e+02   -1.85636e+05    1.21963e+00
   Constr. rmsd
    1.55531e-06

           Step           Time         Lambda
            104      104.00000        0.00000

           Step           Time         Lambda
            105      105.00000        0.00000

   Energies (kJ/mol)
           Bond        G96Bond       G96Angle    Proper Dih.  Improper Dih.
    4.19782e+02    5.99919e+02    4.71018e+02    1.19472e+02    2.37983e+01
        LJ (SR)   Coulomb (SR) Position Rest.      Potential Pressure (bar)
   -1.88167e+05   -4.14269e+01    5.45939e+02   -1.86028e+05    1.21851e+00
   Constr. rmsd
    1.60724e-06

           Step           Time         Lambda
            106      106.00000        0.00000

   Energies (kJ/mol)
           Bond        G96Bond       G96Angle    Proper Dih.  Improper Dih.
    4.17918e+02    5.99153e+02    4.70061e+02    1.19045e+02    2.37246e+01
        LJ (SR)   Coulomb (SR) Position Rest.      Potential Pressure (bar)
   -1.88448e+05   -4.14175e+01    5.50438e+02   -1.86310e+05    1.21323e+00
   Constr. rmsd
    1.90900e-06

           Step           Time         Lambda
            107      107.00000        0.00000

   Energies (kJ/mol)
           Bond        G96Bond       G96Angle    Proper Dih.  Improper Dih.
    4.16748e+02    5.98647e+02    4.69471e+02    1.18777e+02    2.36727e+01
        LJ (SR)   Coulomb (SR) Position Rest.      Potential Pressure (bar)
   -1.88883e+05   -4.14116e+01    5.53203e+02   -1.86744e+05    1.20990e+00
   Constr. rmsd
    2.20313e-06

           Step           Time         Lambda
            108      108.00000        0.00000

   Energies (kJ/mol)
           Bond        G96Bond       G96Angle    Proper Dih.  Improper Dih.
    4.14153e+02    5.97514e+02    4.68211e+02    1.18187e+02    2.35649e+01
        LJ (SR)   Coulomb (SR) Position Rest.      Potential Pressure (bar)
   -1.89045e+05   -4.13978e+01    5.59334e+02   -1.86906e+05    1.20259e+00
   Constr. rmsd
    1.05862e-06

           Step           Time         Lambda
            109      109.00000        0.00000

           Step           Time         Lambda
            110      110.00000        0.00000

   Energies (kJ/mol)
           Bond        G96Bond       G96Angle    Proper Dih.  Improper Dih.
    4.13673e+02    5.97292e+02    4.67989e+02    1.18080e+02    2.35462e+01
        LJ (SR)   Coulomb (SR) Position Rest.      Potential Pressure (bar)
   -1.89571e+05   -4.13955e+01    5.60385e+02   -1.87431e+05    1.20127e+00
   Constr. rmsd
    1.01113e-06

           Step           Time         Lambda
            111      111.00000        0.00000

   Energies (kJ/mol)
           Bond        G96Bond       G96Angle    Proper Dih.  Improper Dih.
    4.11041e+02    5.96086e+02    4.66775e+02    1.17498e+02    2.34529e+01
        LJ (SR)   Coulomb (SR) Position Rest.      Potential Pressure (bar)
   -1.90089e+05   -4.13819e+01    5.66243e+02   -1.87950e+05    1.19401e+00
   Constr. rmsd
    1.66609e-06

           Step           Time         Lambda
            112      112.00000        0.00000

   Energies (kJ/mol)
           Bond        G96Bond       G96Angle    Proper Dih.  Improper Dih.
    4.08101e+02    5.94676e+02    4.65452e+02    1.16856e+02    2.33670e+01
        LJ (SR)   Coulomb (SR) Position Rest.      Potential Pressure (bar)
   -1.90437e+05   -4.13677e+01    5.72452e+02   -1.88297e+05    1.18602e+00
   Constr. rmsd
    1.73514e-06

           Step           Time         Lambda
            113      113.00000        0.00000

           Step           Time         Lambda
            114      114.00000        0.00000

   Energies (kJ/mol)
           Bond        G96Bond       G96Angle    Proper Dih.  Improper Dih.
    4.07183e+02    5.94199e+02    4.65040e+02    1.16658e+02    2.33339e+01
        LJ (SR)   Coulomb (SR) Position Rest.      Potential Pressure (bar)
   -1.90960e+05   -4.13635e+01    5.74231e+02   -1.88821e+05    1.18354e+00
   Constr. rmsd
    9.96783e-07

           Step           Time         Lambda
            115      115.00000        0.00000

   Energies (kJ/mol)
           Bond        G96Bond       G96Angle    Proper Dih.  Improper Dih.
    4.04133e+02    5.92728e+02    4.63802e+02    1.16022e+02    2.32376e+01
        LJ (SR)   Coulomb (SR) Position Rest.      Potential Pressure (bar)
   -1.91504e+05   -4.13497e+01    5.80258e+02   -1.89366e+05    1.17560e+00
   Constr. rmsd
    1.87310e-06

           Step           Time         Lambda
            116      116.00000        0.00000

   Energies (kJ/mol)
           Bond        G96Bond       G96Angle    Proper Dih.  Improper Dih.
    4.01324e+02    5.91133e+02    4.62402e+02    1.15405e+02    2.31102e+01
        LJ (SR)   Coulomb (SR) Position Rest.      Potential Pressure (bar)
   -1.91865e+05   -4.13372e+01    5.85220e+02   -1.89728e+05    1.16787e+00
   Constr. rmsd
    1.88245e-06

           Step           Time         Lambda
            117      117.00000        0.00000

   Energies (kJ/mol)
           Bond        G96Bond       G96Angle    Proper Dih.  Improper Dih.
    3.99674e+02    5.90194e+02    4.61923e+02    1.15083e+02    2.30446e+01
        LJ (SR)   Coulomb (SR) Position Rest.      Potential Pressure (bar)
   -1.92082e+05   -4.13308e+01    5.87599e+02   -1.89945e+05    1.16385e+00
   Constr. rmsd
    1.53770e-06

           Step           Time         Lambda
            118      118.00000        0.00000

   Energies (kJ/mol)
           Bond        G96Bond       G96Angle    Proper Dih.  Improper Dih.
    3.98110e+02    5.89223e+02    4.61247e+02    1.14722e+02    2.29769e+01
        LJ (SR)   Coulomb (SR) Position Rest.      Potential Pressure (bar)
   -1.92291e+05   -4.13247e+01    5.89825e+02   -1.90156e+05    1.15967e+00
   Constr. rmsd
    2.00127e-06

           Step           Time         Lambda
            119      119.00000        0.00000

           Step           Time         Lambda
            120      120.00000        0.00000

   Energies (kJ/mol)
           Bond        G96Bond       G96Angle    Proper Dih.  Improper Dih.
    3.96781e+02    5.88418e+02    4.60792e+02    1.14484e+02    2.29260e+01
        LJ (SR)   Coulomb (SR) Position Rest.      Potential Pressure (bar)
   -1.92702e+05   -4.13205e+01    5.91499e+02   -1.90568e+05    1.15641e+00
   Constr. rmsd
    1.49989e-06

           Step           Time         Lambda
            121      121.00000        0.00000

           Step           Time         Lambda
            122      122.00000        0.00000

   Energies (kJ/mol)
           Bond        G96Bond       G96Angle    Proper Dih.  Improper Dih.
    3.96214e+02    5.88050e+02    4.60566e+02    1.14355e+02    2.29010e+01
        LJ (SR)   Coulomb (SR) Position Rest.      Potential Pressure (bar)
   -1.93068e+05   -4.13188e+01    5.92213e+02   -1.90935e+05    1.15492e+00
   Constr. rmsd
    1.62895e-06

           Step           Time         Lambda
            123      123.00000        0.00000

   Energies (kJ/mol)
           Bond        G96Bond       G96Angle    Proper Dih.  Improper Dih.
    3.94643e+02    5.87103e+02    4.60002e+02    1.14029e+02    2.28422e+01
        LJ (SR)   Coulomb (SR) Position Rest.      Potential Pressure (bar)
   -1.93391e+05   -4.13142e+01    5.94256e+02   -1.91260e+05    1.15092e+00
   Constr. rmsd
    1.09528e-06

           Step           Time         Lambda
            124      124.00000        0.00000

   Energies (kJ/mol)
           Bond        G96Bond       G96Angle    Proper Dih.  Improper Dih.
    3.92532e+02    5.85826e+02    4.59206e+02    1.13605e+02    2.27700e+01
        LJ (SR)   Coulomb (SR) Position Rest.      Potential Pressure (bar)
   -1.93749e+05   -4.13084e+01    5.96865e+02   -1.91620e+05    1.14554e+00
   Constr. rmsd
    1.74139e-06

           Step           Time         Lambda
            125      125.00000        0.00000

   Energies (kJ/mol)
           Bond        G96Bond       G96Angle    Proper Dih.  Improper Dih.
    3.90368e+02    5.84334e+02    4.58358e+02    1.13132e+02    2.26838e+01
        LJ (SR)   Coulomb (SR) Position Rest.      Potential Pressure (bar)
   -1.93794e+05   -4.13040e+01    5.98969e+02   -1.91668e+05    1.13968e+00
   Constr. rmsd
    1.56669e-06

           Step           Time         Lambda
            126      126.00000        0.00000

   Energies (kJ/mol)
           Bond        G96Bond       G96Angle    Proper Dih.  Improper Dih.
    3.89680e+02    5.83882e+02    4.58163e+02    1.13001e+02    2.26609e+01
        LJ (SR)   Coulomb (SR) Position Rest.      Potential Pressure (bar)
   -1.94248e+05   -4.13029e+01    5.99567e+02   -1.92123e+05    1.13795e+00
   Constr. rmsd
    1.27405e-06

           Step           Time         Lambda
            127      127.00000        0.00000

           Step           Time         Lambda
            128      128.00000        0.00000

   Energies (kJ/mol)
           Bond        G96Bond       G96Angle    Proper Dih.  Improper Dih.
    3.87630e+02    5.82464e+02    4.57489e+02    1.12568e+02    2.25859e+01
        LJ (SR)   Coulomb (SR) Position Rest.      Potential Pressure (bar)
   -1.94584e+05   -4.13002e+01    6.01272e+02   -1.92461e+05    1.13238e+00
   Constr. rmsd
    1.57072e-06

           Step           Time         Lambda
            129      129.00000        0.00000

   Energies (kJ/mol)
           Bond        G96Bond       G96Angle    Proper Dih.  Improper Dih.
    3.86465e+02    5.81641e+02    4.57113e+02    1.12323e+02    2.25420e+01
        LJ (SR)   Coulomb (SR) Position Rest.      Potential Pressure (bar)
   -1.94906e+05   -4.13002e+01    6.01976e+02   -1.92785e+05    1.12924e+00
   Constr. rmsd
    7.34318e-07

           Step           Time         Lambda
            130      130.00000        0.00000

   Energies (kJ/mol)
           Bond        G96Bond       G96Angle    Proper Dih.  Improper Dih.
    3.82754e+02    5.79099e+02    4.56033e+02    1.11553e+02    2.24067e+01
        LJ (SR)   Coulomb (SR) Position Rest.      Potential Pressure (bar)
   -1.95285e+05   -4.13004e+01    6.04359e+02   -1.93170e+05    1.11898e+00
   Constr. rmsd
    8.61694e-07

           Step           Time         Lambda
            131      131.00000        0.00000

           Step           Time         Lambda
            132      132.00000        0.00000

   Energies (kJ/mol)
           Bond        G96Bond       G96Angle    Proper Dih.  Improper Dih.
    3.82016e+02    5.78576e+02    4.55793e+02    1.11398e+02    2.23779e+01
        LJ (SR)   Coulomb (SR) Position Rest.      Potential Pressure (bar)
   -1.95716e+05   -4.13021e+01    6.04556e+02   -1.93603e+05    1.11679e+00
   Constr. rmsd
    1.37622e-06

           Step           Time         Lambda
            133      133.00000        0.00000

   Energies (kJ/mol)
           Bond        G96Bond       G96Angle    Proper Dih.  Improper Dih.
    3.78594e+02    5.76223e+02    4.54890e+02    1.10684e+02    2.22489e+01
        LJ (SR)   Coulomb (SR) Position Rest.      Potential Pressure (bar)
   -1.96177e+05   -4.13117e+01    6.05685e+02   -1.94070e+05    1.10694e+00
   Constr. rmsd
    1.26643e-06

           Step           Time         Lambda
            134      134.00000        0.00000

           Step           Time         Lambda
            135      135.00000        0.00000

   Energies (kJ/mol)
           Bond        G96Bond       G96Angle    Proper Dih.  Improper Dih.
    3.77985e+02    5.75847e+02    4.54717e+02    1.10574e+02    2.22245e+01
        LJ (SR)   Coulomb (SR) Position Rest.      Potential Pressure (bar)
   -1.96429e+05   -4.13143e+01    6.05745e+02   -1.94324e+05    1.10536e+00
   Constr. rmsd
    1.28883e-06

           Step           Time         Lambda
            136      136.00000        0.00000

   Energies (kJ/mol)
           Bond        G96Bond       G96Angle    Proper Dih.  Improper Dih.
    3.75343e+02    5.74107e+02    4.54062e+02    1.10032e+02    2.21203e+01
        LJ (SR)   Coulomb (SR) Position Rest.      Potential Pressure (bar)
   -1.96829e+05   -4.13287e+01    6.06109e+02   -1.94728e+05    1.09786e+00
   Constr. rmsd
    1.72533e-06

           Step           Time         Lambda
            137      137.00000        0.00000

   Energies (kJ/mol)
           Bond        G96Bond       G96Angle    Proper Dih.  Improper Dih.
    3.73011e+02    5.72844e+02    4.53536e+02    1.09667e+02    2.20304e+01
        LJ (SR)   Coulomb (SR) Position Rest.      Potential Pressure (bar)
   -1.96868e+05   -4.13451e+01    6.06036e+02   -1.94772e+05    1.09229e+00
   Constr. rmsd
    2.09833e-06

           Step           Time         Lambda
            138      138.00000        0.00000

   Energies (kJ/mol)
           Bond        G96Bond       G96Angle    Proper Dih.  Improper Dih.
    3.72716e+02    5.72532e+02    4.53428e+02    1.09544e+02    2.20146e+01
        LJ (SR)   Coulomb (SR) Position Rest.      Potential Pressure (bar)
   -1.97216e+05   -4.13495e+01    6.05953e+02   -1.95121e+05    1.09089e+00
   Constr. rmsd
    1.81324e-06

           Step           Time         Lambda
            139      139.00000        0.00000

           Step           Time         Lambda
            140      140.00000        0.00000

   Energies (kJ/mol)
           Bond        G96Bond       G96Angle    Proper Dih.  Improper Dih.
    3.71871e+02    5.71978e+02    4.53223e+02    1.09362e+02    2.19781e+01
        LJ (SR)   Coulomb (SR) Position Rest.      Potential Pressure (bar)
   -1.97409e+05   -4.13586e+01    6.05776e+02   -1.95316e+05    1.08826e+00
   Constr. rmsd
    1.72178e-06

           Step           Time         Lambda
            141      141.00000        0.00000

   Energies (kJ/mol)
           Bond        G96Bond       G96Angle    Proper Dih.  Improper Dih.
    3.70264e+02    5.71113e+02    4.52878e+02    1.09094e+02    2.19123e+01
        LJ (SR)   Coulomb (SR) Position Rest.      Potential Pressure (bar)
   -1.97634e+05   -4.13753e+01    6.05472e+02   -1.95545e+05    1.08403e+00
   Constr. rmsd
    1.48002e-06

           Step           Time         Lambda
            142      142.00000        0.00000

   Energies (kJ/mol)
           Bond        G96Bond       G96Angle    Proper Dih.  Improper Dih.
    3.68831e+02    5.70090e+02    4.52534e+02    1.08767e+02    2.18452e+01
        LJ (SR)   Coulomb (SR) Position Rest.      Potential Pressure (bar)
   -1.97765e+05   -4.13970e+01    6.05062e+02   -1.95679e+05    1.07880e+00
   Constr. rmsd
    1.64990e-06

           Step           Time         Lambda
            143      143.00000        0.00000

   Energies (kJ/mol)
           Bond        G96Bond       G96Angle    Proper Dih.  Improper Dih.
    3.67829e+02    5.69812e+02    4.52355e+02    1.08680e+02    2.18076e+01
        LJ (SR)   Coulomb (SR) Position Rest.      Potential Pressure (bar)
   -1.97876e+05   -4.14076e+01    6.04775e+02   -1.95792e+05    1.07707e+00
   Constr. rmsd
    1.47347e-06

           Step           Time         Lambda
            144      144.00000        0.00000

           Step           Time         Lambda
            145      145.00000        0.00000

   Energies (kJ/mol)
           Bond        G96Bond       G96Angle    Proper Dih.  Improper Dih.
    3.67430e+02    5.69415e+02    4.52221e+02    1.08538e+02    2.17848e+01
        LJ (SR)   Coulomb (SR) Position Rest.      Potential Pressure (bar)
   -1.98095e+05   -4.14169e+01    6.04574e+02   -1.96012e+05    1.07505e+00
   Constr. rmsd
    1.56720e-06

           Step           Time         Lambda
            146      146.00000        0.00000

   Energies (kJ/mol)
           Bond        G96Bond       G96Angle    Proper Dih.  Improper Dih.
    3.65728e+02    5.68636e+02    4.51877e+02    1.08276e+02    2.17111e+01
        LJ (SR)   Coulomb (SR) Position Rest.      Potential Pressure (bar)
   -1.98321e+05   -4.14432e+01    6.03977e+02   -1.96243e+05    1.07019e+00
   Constr. rmsd
    1.65241e-06

           Step           Time         Lambda
            147      147.00000        0.00000

   Energies (kJ/mol)
           Bond        G96Bond       G96Angle    Proper Dih.  Improper Dih.
    3.64221e+02    5.67330e+02    4.51613e+02    1.07979e+02    2.16226e+01
        LJ (SR)   Coulomb (SR) Position Rest.      Potential Pressure (bar)
   -1.98442e+05   -4.14815e+01    6.03183e+02   -1.96368e+05    1.06311e+00
   Constr. rmsd
    1.63331e-06

           Step           Time         Lambda
            148      148.00000        0.00000

   Energies (kJ/mol)
           Bond        G96Bond       G96Angle    Proper Dih.  Improper Dih.
    3.63267e+02    5.67413e+02    4.51369e+02    1.07870e+02    2.15963e+01
        LJ (SR)   Coulomb (SR) Position Rest.      Potential Pressure (bar)
   -1.98679e+05   -4.14907e+01    6.02882e+02   -1.96606e+05    1.06212e+00
   Constr. rmsd
    1.16411e-06

           Step           Time         Lambda
            149      149.00000        0.00000

           Step           Time         Lambda
            150      150.00000        0.00000

   Energies (kJ/mol)
           Bond        G96Bond       G96Angle    Proper Dih.  Improper Dih.
    3.62310e+02    5.66220e+02    4.51281e+02    1.07696e+02    2.15189e+01
        LJ (SR)   Coulomb (SR) Position Rest.      Potential Pressure (bar)
   -1.98882e+05   -4.15277e+01    6.02105e+02   -1.96813e+05    1.05595e+00
   Constr. rmsd
    2.44653e-06

           Step           Time         Lambda
            151      151.00000        0.00000

   Energies (kJ/mol)
           Bond        G96Bond       G96Angle    Proper Dih.  Improper Dih.
    3.60644e+02    5.66576e+02    4.51151e+02    1.07738e+02    2.14829e+01
        LJ (SR)   Coulomb (SR) Position Rest.      Potential Pressure (bar)
   -1.99005e+05   -4.15432e+01    6.01607e+02   -1.96938e+05    1.05443e+00
   Constr. rmsd
    1.05376e-06

           Step           Time         Lambda
            152      152.00000        0.00000

   Energies (kJ/mol)
           Bond        G96Bond       G96Angle    Proper Dih.  Improper Dih.
    3.61004e+02    5.64962e+02    4.51629e+02    1.07871e+02    2.14179e+01
        LJ (SR)   Coulomb (SR) Position Rest.      Potential Pressure (bar)
   -1.99124e+05   -4.15770e+01    6.01005e+02   -1.97058e+05    1.04877e+00
   Constr. rmsd
    1.16123e-06

           Step           Time         Lambda
            153      153.00000        0.00000

   Energies (kJ/mol)
           Bond        G96Bond       G96Angle    Proper Dih.  Improper Dih.
    3.57849e+02    5.66586e+02    4.53137e+02    1.09329e+02    2.13937e+01
        LJ (SR)   Coulomb (SR) Position Rest.      Potential Pressure (bar)
   -1.99251e+05   -4.15914e+01    6.00414e+02   -1.97183e+05    1.04828e+00
   Constr. rmsd
    1.36239e-06

           Step           Time         Lambda
            154      154.00000        0.00000

           Step           Time         Lambda
            155      155.00000        0.00000

   Energies (kJ/mol)
           Bond        G96Bond       G96Angle    Proper Dih.  Improper Dih.
    3.59921e+02    5.63733e+02    4.52447e+02    1.08415e+02    2.13182e+01
        LJ (SR)   Coulomb (SR) Position Rest.      Potential Pressure (bar)
   -1.99423e+05   -4.16272e+01    5.99905e+02   -1.97358e+05    1.04211e+00
   Constr. rmsd
    1.11563e-06

           Step           Time         Lambda
            156      156.00000        0.00000

   Energies (kJ/mol)
           Bond        G96Bond       G96Angle    Proper Dih.  Improper Dih.
    3.53432e+02    5.70594e+02    4.86574e+02    1.33837e+02    2.13444e+01
        LJ (SR)   Coulomb (SR) Position Rest.      Potential Pressure (bar)
   -1.99683e+05   -4.16476e+01    5.99690e+02   -1.97560e+05    1.04271e+00
   Constr. rmsd
    1.71616e-06

           Step           Time         Lambda
            157      157.00000        0.00000

           Step           Time         Lambda
            158      158.00000        0.00000

   Energies (kJ/mol)
           Bond        G96Bond       G96Angle    Proper Dih.  Improper Dih.
    3.66338e+02    5.58842e+02    4.98665e+02    1.42008e+02    2.10897e+01
        LJ (SR)   Coulomb (SR) Position Rest.      Potential Pressure (bar)
   -1.99819e+05   -4.17422e+01    5.99281e+02   -1.97675e+05    1.02614e+00
   Constr. rmsd
    1.46944e-06

           Step           Time         Lambda
            159      159.00000        0.00000

   Energies (kJ/mol)
           Bond        G96Bond       G96Angle    Proper Dih.  Improper Dih.
    3.52483e+02    5.74661e+02    5.45986e+02    1.71952e+02    2.14000e+01
        LJ (SR)   Coulomb (SR) Position Rest.      Potential Pressure (bar)
   -1.99928e+05   -4.16913e+01    6.00207e+02   -1.97703e+05    1.03942e+00
   Constr. rmsd
    1.75831e-06

           Step           Time         Lambda
            160      160.00000        0.00000

   Energies (kJ/mol)
           Bond        G96Bond       G96Angle    Proper Dih.  Improper Dih.
    3.74796e+02    5.55450e+02    5.53428e+02    1.79460e+02    2.08732e+01
        LJ (SR)   Coulomb (SR) Position Rest.      Potential Pressure (bar)
   -2.00033e+05   -4.18327e+01    5.99723e+02   -1.97791e+05    1.01644e+00
   Constr. rmsd
    2.33855e-06

           Step           Time         Lambda
            161      161.00000        0.00000

           Step           Time         Lambda
            162      162.00000        0.00000

   Energies (kJ/mol)
           Bond        G96Bond       G96Angle    Proper Dih.  Improper Dih.
    3.51633e+02    5.62466e+02    4.58212e+02    1.13228e+02    2.11856e+01
        LJ (SR)   Coulomb (SR) Position Rest.      Potential Pressure (bar)
   -2.00102e+05   -4.17879e+01    5.96692e+02   -1.98040e+05    1.02805e+00
   Constr. rmsd
    1.25532e-06

           Step           Time         Lambda
            163      163.00000        0.00000

   Energies (kJ/mol)
           Bond        G96Bond       G96Angle    Proper Dih.  Improper Dih.
    3.73901e+02    5.58706e+02    5.67559e+02    2.00391e+02    2.05305e+01
        LJ (SR)   Coulomb (SR) Position Rest.      Potential Pressure (bar)
   -2.00322e+05   -4.19239e+01    5.98409e+02   -1.98044e+05    1.00644e+00
   Constr. rmsd
    2.25134e-06

           Step           Time         Lambda
            164      164.00000        0.00000

   Energies (kJ/mol)
           Bond        G96Bond       G96Angle    Proper Dih.  Improper Dih.
    3.44713e+02    5.70703e+02    5.24094e+02    1.52080e+02    2.11322e+01
        LJ (SR)   Coulomb (SR) Position Rest.      Potential Pressure (bar)
   -2.00385e+05   -4.18590e+01    5.96720e+02   -1.98217e+05    1.02418e+00
   Constr. rmsd
    1.49382e-06

           Step           Time         Lambda
            165      165.00000        0.00000

           Step           Time         Lambda
            166      166.00000        0.00000

   Energies (kJ/mol)
           Bond        G96Bond       G96Angle    Proper Dih.  Improper Dih.
    3.58682e+02    5.55462e+02    4.71828e+02    1.26635e+02    2.06711e+01
        LJ (SR)   Coulomb (SR) Position Rest.      Potential Pressure (bar)
   -2.00475e+05   -4.19310e+01    5.94666e+02   -1.98389e+05    1.00889e+00
   Constr. rmsd
    1.51533e-06

           Step           Time         Lambda
            167      167.00000        0.00000

           Step           Time         Lambda
            168      168.00000        0.00000

   Energies (kJ/mol)
           Bond        G96Bond       G96Angle    Proper Dih.  Improper Dih.
    3.45917e+02    5.62463e+02    4.58204e+02    1.12733e+02    2.09209e+01
        LJ (SR)   Coulomb (SR) Position Rest.      Potential Pressure (bar)
   -2.00541e+05   -4.19203e+01    5.93868e+02   -1.98488e+05    1.01403e+00
   Constr. rmsd
    1.59206e-06


Steepest Descents converged to Fmax < 550 in 169 steps
Potential Energy  = -1.9848844e+05
Maximum force     =  5.1733832e+02 on atom 370
Norm of force     =  2.8421654e+01

	M E G A - F L O P S   A C C O U N T I N G

 NB=Group-cutoff nonbonded kernels    NxN=N-by-N cluster Verlet kernels
 RF=Reaction-Field  VdW=Van der Waals  QSTab=quadratic-spline table
 W3=SPC/TIP3p  W4=TIP4p (single or pairs)
 V&F=Potential and force  V=Potential only  F=Force only

 Computing:                               M-Number         M-Flops  % Flops
-----------------------------------------------------------------------------
 NB VdW [V&F]                          2502.522420        2502.522    42.2
 NB VdW & Elec. [V&F]                     4.106106           4.106     0.1
 NS-Pairs                               159.429693        3348.024    56.5
 Reset In Box                             1.217476           3.652     0.1
 CG-CoM                                   1.469616           4.409     0.1
 Bonds                                    0.281723          16.622     0.3
 Angles                                   0.084500          14.196     0.2
 Propers                                  0.012675           2.903     0.0
 Impropers                                0.003718           0.773     0.0
 Pos. Restr.                              0.085345           4.267     0.1
 Virial                                   1.247896          22.462     0.4
 Lincs                                    0.040013           2.401     0.0
 Lincs-Mat                                0.517692           2.071     0.0
 Constraint-Vir                           0.020005           0.480     0.0
-----------------------------------------------------------------------------
 Total                                                    5928.888   100.0
-----------------------------------------------------------------------------


    D O M A I N   D E C O M P O S I T I O N   S T A T I S T I C S

 av. #atoms communicated per step for force:  2 x 4022.2
 av. #atoms communicated per step for LINCS:  2 x 11.3


     R E A L   C Y C L E   A N D   T I M E   A C C O U N T I N G

 Computing:         Nodes   Th.     Count  Wall t (s)     G-Cycles       %
-----------------------------------------------------------------------------
 Domain decomp.         4    1        203       0.077        2.012     6.5
 DD comm. load          4    1          3       0.000        0.002     0.0
 Neighbor search        4    1        169       0.309        8.036    25.9
 Comm. coord.           4    1        169       0.003        0.070     0.2
 Force                  4    1        169       0.050        1.309     4.2
 Wait + Comm. F         4    1        169       0.084        2.187     7.0
 Constraints            4    1        337       0.015        0.383     1.2
 Comm. energies         4    1        169       0.044        1.140     3.7
 Rest                   4                       0.612       15.935    51.3
-----------------------------------------------------------------------------
 Total                  4                       1.194       31.073   100.0
-----------------------------------------------------------------------------

               Core t (s)   Wall t (s)        (%)
       Time:        4.010        1.194      336.0
               (steps/hour)
Performance:       509724.0
Finished mdrun on node 0 Tue Mar 10 17:07:21 2020
