Log file opened on Tue Mar 10 17:07:08 2020
Host: pc-036945.clients.vu.nl  pid: 15872  nodeid: 0  nnodes:  1
Gromacs version:    VERSION 4.6.7
Precision:          single
Memory model:       64 bit
MPI library:        thread_mpi
OpenMP support:     enabled
GPU support:        disabled
invsqrt routine:    gmx_software_invsqrt(x)
CPU acceleration:   AVX_256
FFT library:        fftw-3.3.3-sse2
Large file support: enabled
RDTSCP usage:       enabled
Built on:           Mon Aug 22 12:47:47 CEST 2016
Built by:           root@co7-3.clients.vu.nl [CMAKE]
Build OS/arch:      Linux 3.10.0-327.28.2.el7.x86_64 x86_64
Build CPU vendor:   GenuineIntel
Build CPU brand:    Intel(R) Core(TM) i5-3470 CPU @ 3.20GHz
Build CPU family:   6   Model: 58   Stepping: 9
Build CPU features: aes apic avx clfsh cmov cx8 cx16 f16c lahf_lm mmx msr nonstop_tsc pcid pclmuldq popcnt pse rdrnd rdtscp sse2 sse3 sse4.1 sse4.2 ssse3 tdt x2apic
C compiler:         /usr/bin/cc GNU cc (GCC) 4.8.5 20150623 (Red Hat 4.8.5-4)
C compiler flags:   -mavx    -Wextra -Wno-missing-field-initializers -Wno-sign-compare -Wall -Wno-unused -Wunused-value -Wno-unused-parameter -Wno-array-bounds -Wno-maybe-uninitialized -Wno-strict-overflow   -fomit-frame-pointer -funroll-all-loops -fexcess-precision=fast  -O3 -DNDEBUG


                         :-)  G  R  O  M  A  C  S  (-:

                      GROwing Monsters And Cloning Shrimps

                            :-)  VERSION 4.6.7  (-:

        Contributions from Mark Abraham, Emile Apol, Rossen Apostolov, 
           Herman J.C. Berendsen, Aldert van Buuren, Pär Bjelkmar,  
     Rudi van Drunen, Anton Feenstra, Gerrit Groenhof, Christoph Junghans, 
        Peter Kasson, Carsten Kutzner, Per Larsson, Pieter Meulenhoff, 
           Teemu Murtola, Szilard Pall, Sander Pronk, Roland Schulz, 
                Michael Shirts, Alfons Sijbers, Peter Tieleman,

               Berk Hess, David van der Spoel, and Erik Lindahl.

       Copyright (c) 1991-2000, University of Groningen, The Netherlands.
         Copyright (c) 2001-2012,2013, The GROMACS development team at
        Uppsala University & The Royal Institute of Technology, Sweden.
            check out http://www.gromacs.org for more information.

         This program is free software; you can redistribute it and/or
       modify it under the terms of the GNU Lesser General Public License
        as published by the Free Software Foundation; either version 2.1
             of the License, or (at your option) any later version.

                  :-)  /usr/local/gromacs/4.6.7/bin/mdrun  (-:


++++ PLEASE READ AND CITE THE FOLLOWING REFERENCE ++++
B. Hess and C. Kutzner and D. van der Spoel and E. Lindahl
GROMACS 4: Algorithms for highly efficient, load-balanced, and scalable
molecular simulation
J. Chem. Theory Comput. 4 (2008) pp. 435-447
-------- -------- --- Thank You --- -------- --------


++++ PLEASE READ AND CITE THE FOLLOWING REFERENCE ++++
D. van der Spoel, E. Lindahl, B. Hess, G. Groenhof, A. E. Mark and H. J. C.
Berendsen
GROMACS: Fast, Flexible and Free
J. Comp. Chem. 26 (2005) pp. 1701-1719
-------- -------- --- Thank You --- -------- --------


++++ PLEASE READ AND CITE THE FOLLOWING REFERENCE ++++
E. Lindahl and B. Hess and D. van der Spoel
GROMACS 3.0: A package for molecular simulation and trajectory analysis
J. Mol. Mod. 7 (2001) pp. 306-317
-------- -------- --- Thank You --- -------- --------


++++ PLEASE READ AND CITE THE FOLLOWING REFERENCE ++++
H. J. C. Berendsen, D. van der Spoel and R. van Drunen
GROMACS: A message-passing parallel molecular dynamics implementation
Comp. Phys. Comm. 91 (1995) pp. 43-56
-------- -------- --- Thank You --- -------- --------

Input Parameters:
   integrator           = md
   nsteps               = 2000
   init-step            = 0
   cutoff-scheme        = Group
   ns_type              = Grid
   nstlist              = 10
   ndelta               = 2
   nstcomm              = 100
   comm-mode            = Linear
   nstlog               = 1000
   nstxout              = 1000
   nstvout              = 1000
   nstfout              = 0
   nstcalcenergy        = 100
   nstenergy            = 1000
   nstxtcout            = 1000
   init-t               = 0
   delta-t              = 0.02
   xtcprec              = 1000
   fourierspacing       = 0.12
   nkx                  = 10
   nky                  = 10
   nkz                  = 10
   pme-order            = 4
   ewald-rtol           = 1e-05
   ewald-geometry       = 0
   epsilon-surface      = 0
   optimize-fft         = FALSE
   ePBC                 = xyz
   bPeriodicMols        = FALSE
   bContinuation        = FALSE
   bShakeSOR            = FALSE
   etc                  = Berendsen
   bPrintNHChains       = FALSE
   nsttcouple           = 1
   epc                  = Berendsen
   epctype              = Isotropic
   nstpcouple           = 10
   tau-p                = 0.5
   ref-p (3x3):
      ref-p[    0]={ 3.00000e+02,  0.00000e+00,  0.00000e+00}
      ref-p[    1]={ 0.00000e+00,  3.00000e+02,  0.00000e+00}
      ref-p[    2]={ 0.00000e+00,  0.00000e+00,  3.00000e+02}
   compress (3x3):
      compress[    0]={ 1.00000e-05,  0.00000e+00,  0.00000e+00}
      compress[    1]={ 0.00000e+00,  1.00000e-05,  0.00000e+00}
      compress[    2]={ 0.00000e+00,  0.00000e+00,  1.00000e-05}
   refcoord-scaling     = No
   posres-com (3):
      posres-com[0]= 0.00000e+00
      posres-com[1]= 0.00000e+00
      posres-com[2]= 0.00000e+00
   posres-comB (3):
      posres-comB[0]= 0.00000e+00
      posres-comB[1]= 0.00000e+00
      posres-comB[2]= 0.00000e+00
   verlet-buffer-drift  = 0.005
   rlist                = 1.2
   rlistlong            = 1.2
   nstcalclr            = 0
   rtpi                 = 0.05
   coulombtype          = Shift
   coulomb-modifier     = None
   rcoulomb-switch      = 0
   rcoulomb             = 1.2
   vdwtype              = Shift
   vdw-modifier         = None
   rvdw-switch          = 0.9
   rvdw                 = 1.2
   epsilon-r            = 15
   epsilon-rf           = inf
   tabext               = 1
   implicit-solvent     = No
   gb-algorithm         = Still
   gb-epsilon-solvent   = 80
   nstgbradii           = 1
   rgbradii             = 1
   gb-saltconc          = 0
   gb-obc-alpha         = 1
   gb-obc-beta          = 0.8
   gb-obc-gamma         = 4.85
   gb-dielectric-offset = 0.009
   sa-algorithm         = Ace-approximation
   sa-surface-tension   = 2.05016
   DispCorr             = No
   bSimTemp             = FALSE
   free-energy          = no
   nwall                = 0
   wall-type            = 9-3
   wall-atomtype[0]     = -1
   wall-atomtype[1]     = -1
   wall-density[0]      = 0
   wall-density[1]      = 0
   wall-ewald-zfac      = 3
   pull                 = no
   rotation             = FALSE
   disre                = No
   disre-weighting      = Conservative
   disre-mixed          = FALSE
   dr-fc                = 1000
   dr-tau               = 0
   nstdisreout          = 100
   orires-fc            = 0
   orires-tau           = 0
   nstorireout          = 100
   dihre-fc             = 0
   em-stepsize          = 0.01
   em-tol               = 10
   niter                = 20
   fc-stepsize          = 0
   nstcgsteep           = 1000
   nbfgscorr            = 10
   ConstAlg             = Lincs
   shake-tol            = 0.0001
   lincs-order          = 4
   lincs-warnangle      = 30
   lincs-iter           = 1
   bd-fric              = 0
   ld-seed              = 1993
   cos-accel            = 0
   deform (3x3):
      deform[    0]={ 0.00000e+00,  0.00000e+00,  0.00000e+00}
      deform[    1]={ 0.00000e+00,  0.00000e+00,  0.00000e+00}
      deform[    2]={ 0.00000e+00,  0.00000e+00,  0.00000e+00}
   adress               = FALSE
   userint1             = 0
   userint2             = 0
   userint3             = 0
   userint4             = 0
   userreal1            = 0
   userreal2            = 0
   userreal3            = 0
   userreal4            = 0
grpopts:
   nrdf:     1406.79     19125.2
   ref-t:         303         303
   tau-t:         0.1         0.1
anneal:          No          No
ann-npoints:           0           0
   acc:	           0           0           0
   nfreeze:           N           N           N
   energygrp-flags[  0]: 0 0
   energygrp-flags[  1]: 0 0
   efield-x:
      n = 0
   efield-xt:
      n = 0
   efield-y:
      n = 0
   efield-yt:
      n = 0
   efield-z:
      n = 0
   efield-zt:
      n = 0
   bQMMM                = FALSE
   QMconstraints        = 0
   QMMMscheme           = 0
   scalefactor          = 1
qm-opts:
   ngQM                 = 0

Initializing Domain Decomposition on 4 nodes
Dynamic load balancing: auto
Will sort the charge groups at every domain (re)decomposition
Initial maximum inter charge-group distances:
    two-body bonded interactions: 1.004 nm, G96Bond, atoms 50 63
  multi-body bonded interactions: 0.737 nm, G96Angle, atoms 260 264
Minimum cell size due to bonded interactions: 0.811 nm
Maximum distance for 5 constraints, at 120 deg. angles, all-trans: 1.350 nm
Estimated maximum distance required for P-LINCS: 1.350 nm
This distance will limit the DD cell size, you can override this with -rcon
Scaling the initial minimum size with 1/0.8 (option -dds) = 1.25
Optimizing the DD grid for 4 cells with a minimum initial size of 1.688 nm
The maximum allowed number of cells is: X 5 Y 5 Z 4
Domain decomposition grid 4 x 1 x 1, separate PME nodes 0
Domain decomposition nodeid 0, coordinates 0 0 0

Using 4 MPI threads

Detecting CPU-specific acceleration.
Present hardware specification:
Vendor: GenuineIntel
Brand:  Intel(R) Core(TM) i5-6600 CPU @ 3.30GHz
Family:  6  Model: 94  Stepping:  3
Features: aes apic avx avx2 clfsh cmov cx8 cx16 f16c fma htt lahf_lm mmx msr nonstop_tsc pcid pclmuldq pdcm pdpe1gb popcnt pse rdrnd rdtscp sse2 sse3 sse4.1 sse4.2 ssse3 tdt x2apic
Acceleration most likely to fit this hardware: AVX_256
Acceleration selected at GROMACS compile time: AVX_256

Table routines are used for coulomb: TRUE
Table routines are used for vdw:     TRUE
Using shifted Lennard-Jones, switch between 0.9 and 1.2 nm
Cut-off's:   NS: 1.2   Coulomb: 1.2   LJ: 1.2
System total charge: 0.000
Generated table with 1100 data points for Shift.
Tabscale = 500 points/nm
Generated table with 1100 data points for LJ6Shift.
Tabscale = 500 points/nm
Generated table with 1100 data points for LJ12Shift.
Tabscale = 500 points/nm
Potential shift: LJ r^-12: 0.000 r^-6 0.000
Removing pbc first time
Pinning threads with an auto-selected logical core stride of 1

Initializing Parallel LINear Constraint Solver

++++ PLEASE READ AND CITE THE FOLLOWING REFERENCE ++++
B. Hess
P-LINCS: A Parallel Linear Constraint Solver for molecular simulation
J. Chem. Theory Comput. 4 (2008) pp. 116-122
-------- -------- --- Thank You --- -------- --------

The number of constraints is 108
There are inter charge-group constraints,
will communicate selected coordinates each lincs iteration
65 constraints are involved in constraint triangles,
will apply an additional matrix expansion of order 4 for couplings
between constraints inside triangles

Linking all bonded interactions to atoms

The initial number of communication pulses is: X 1
The initial domain decomposition cell size is: X 2.11 nm

The maximum allowed distance for charge groups involved in interactions is:
                 non-bonded interactions           1.200 nm
(the following are initial values, they could change due to box deformation)
            two-body bonded interactions  (-rdd)   1.200 nm
          multi-body bonded interactions  (-rdd)   1.200 nm
  atoms separated by up to 5 constraints  (-rcon)  2.112 nm

When dynamic load balancing gets turned on, these settings will change to:
The maximum number of communication pulses is: X 1
The minimum size for domain decomposition cells is 1.350 nm
The requested allowed shrink of DD cells (option -dds) is: 0.80
The allowed shrink of domain decomposition cells is: X 0.64
The maximum allowed distance for charge groups involved in interactions is:
                 non-bonded interactions           1.200 nm
            two-body bonded interactions  (-rdd)   1.200 nm
          multi-body bonded interactions  (-rdd)   1.200 nm
  atoms separated by up to 5 constraints  (-rcon)  1.350 nm


Making 1D domain decomposition grid 4 x 1 x 1, home cell index 0 0 0

Center of mass motion removal mode is Linear
We have the following groups for center of mass motion removal:
  0:  rest

++++ PLEASE READ AND CITE THE FOLLOWING REFERENCE ++++
H. J. C. Berendsen, J. P. M. Postma, A. DiNola and J. R. Haak
Molecular dynamics with coupling to an external bath
J. Chem. Phys. 81 (1984) pp. 3684-3690
-------- -------- --- Thank You --- -------- --------

There are: 6881 Atoms
Charge group distribution at step 0: 1741 1783 1742 1615
Grid: 9 x 10 x 7 cells

Constraining the starting coordinates (step 0)

Constraining the coordinates at t0-dt (step 0)
RMS relative constraint deviation after constraining: 1.38e-06
Initial temperature: 302.825 K

Started mdrun on node 0 Thu Jan  1 01:00:00 1970
           Step           Time         Lambda
              0        0.00000        0.00000


   Energies (kJ/mol)
           Bond        G96Bond       G96Angle    Proper Dih.  Improper Dih.
    3.50218e+02    5.84473e+02    4.53943e+02    1.08231e+02    2.12688e+01
        LJ (SR)   Coulomb (SR) Position Rest.      Potential    Kinetic En.
   -1.91488e+05   -4.52663e+01    5.00414e-03   -1.90016e+05    2.58607e+04
   Total Energy    Temperature Pressure (bar)   Constr. rmsd
   -1.64155e+05    3.02972e+02   -8.02290e+01    2.18188e-06

DD  step 9 load imb.: force 16.6%

DD  step 999 load imb.: force  6.5%

           Step           Time         Lambda
           1000       20.00000        0.00000

   Energies (kJ/mol)
           Bond        G96Bond       G96Angle    Proper Dih.  Improper Dih.
    6.01230e+02    7.81975e+02    5.81364e+02    1.38329e+02    1.28916e+01
        LJ (SR)   Coulomb (SR) Position Rest.      Potential    Kinetic En.
   -1.83645e+05   -5.29219e+01    7.26701e+02   -1.80855e+05    2.60192e+04
   Total Energy    Temperature Pressure (bar)   Constr. rmsd
   -1.54836e+05    3.04829e+02    3.40241e+02    2.88891e-06

DD  step 1999 load imb.: force  7.9%

           Step           Time         Lambda
           2000       40.00000        0.00000

Writing checkpoint, step 2000 at Tue Mar 10 17:07:11 2020


   Energies (kJ/mol)
           Bond        G96Bond       G96Angle    Proper Dih.  Improper Dih.
    5.60985e+02    7.81337e+02    5.43170e+02    1.58365e+02    2.25156e+01
        LJ (SR)   Coulomb (SR) Position Rest.      Potential    Kinetic En.
   -1.83125e+05   -5.00965e+01    7.36704e+02   -1.80372e+05    2.57319e+04
   Total Energy    Temperature Pressure (bar)   Constr. rmsd
   -1.54640e+05    3.01463e+02    2.82111e+02    2.97858e-06

	<======  ###############  ==>
	<====  A V E R A G E S  ====>
	<==  ###############  ======>

	Statistics over 2001 steps using 21 frames

   Energies (kJ/mol)
           Bond        G96Bond       G96Angle    Proper Dih.  Improper Dih.
    5.57205e+02    7.64210e+02    5.60576e+02    1.41173e+02    2.01210e+01
        LJ (SR)   Coulomb (SR) Position Rest.      Potential    Kinetic En.
   -1.83269e+05   -4.78095e+01    7.07650e+02   -1.80566e+05    2.58539e+04
   Total Energy    Temperature Pressure (bar)   Constr. rmsd
   -1.54712e+05    3.02892e+02    2.68504e+02    0.00000e+00

          Box-X          Box-Y          Box-Z
    1.03538e+01    1.03538e+01    7.32124e+00

   Total Virial (kJ/mol)
    2.36629e+03   -3.71643e+00   -5.37828e+02
   -3.71664e+00    2.83578e+03   -1.83160e+02
   -5.37830e+02   -1.83161e+02    1.61471e+03

   Pressure (bar)
    2.63981e+02   -3.66769e-01    2.33747e+01
   -3.66760e-01    2.45030e+02    9.03960e+00
    2.33748e+01    9.03965e+00    2.96503e+02

  Epot (kJ/mol)        Coul-SR          LJ-SR   
Protein-Protein   -4.78095e+01   -6.62430e+03
Protein-non-Protein    0.00000e+00   -6.95077e+03
non-Protein-non-Protein    0.00000e+00   -1.69694e+05

      T-Protein  T-non-Protein
    3.00048e+02    3.03101e+02


	M E G A - F L O P S   A C C O U N T I N G

 NB=Group-cutoff nonbonded kernels    NxN=N-by-N cluster Verlet kernels
 RF=Reaction-Field  VdW=Van der Waals  QSTab=quadratic-spline table
 W3=SPC/TIP3p  W4=TIP4p (single or pairs)
 V&F=Potential and force  V=Potential only  F=Force only

 Computing:                               M-Number         M-Flops  % Flops
-----------------------------------------------------------------------------
 NB VdW [V&F]                           303.762772         303.763     1.0
 NB VdW [F]                           24616.568238       24616.568    82.9
 NB VdW & Elec. [V&F]                     0.500187           0.500     0.0
 NB VdW & Elec. [F]                      39.927244          39.927     0.1
 NS-Pairs                               178.091868        3739.929    12.6
 Reset In Box                             1.383081           4.149     0.0
 CG-CoM                                   1.389962           4.170     0.0
 Bonds                                    3.335667         196.804     0.7
 Angles                                   1.000500         168.084     0.6
 Propers                                  0.150075          34.367     0.1
 Impropers                                0.044022           9.157     0.0
 Pos. Restr.                              1.010505          50.525     0.2
 Virial                                   1.419261          25.547     0.1
 Stop-CM                                  0.151382           1.514     0.0
 P-Coupling                              13.768881          82.613     0.3
 Calc-Ekin                               13.775762         371.946     1.3
 Lincs                                    0.231341          13.880     0.0
 Lincs-Mat                                2.904792          11.619     0.0
 Constraint-V                             0.462448           3.700     0.0
 Constraint-Vir                           0.023216           0.557     0.0
-----------------------------------------------------------------------------
 Total                                                   29679.320   100.0
-----------------------------------------------------------------------------


    D O M A I N   D E C O M P O S I T I O N   S T A T I S T I C S

 av. #atoms communicated per step for force:  2 x 3911.0
 av. #atoms communicated per step for LINCS:  2 x 9.7

 Average load imbalance: 10.9 %
 Part of the total run time spent waiting due to load imbalance: 2.6 %


     R E A L   C Y C L E   A N D   T I M E   A C C O U N T I N G

 Computing:         Nodes   Th.     Count  Wall t (s)     G-Cycles       %
-----------------------------------------------------------------------------
 Domain decomp.         4    1        201       0.144        1.908     4.6
 DD comm. load          4    1          3       0.000        0.000     0.0
 Neighbor search        4    1        201       0.634        8.407    20.1
 Comm. coord.           4    1       2001       0.031        0.410     1.0
 Force                  4    1       2001       1.062       14.068    33.7
 Wait + Comm. F         4    1       2001       0.447        5.927    14.2
 Write traj.            4    1          3       0.037        0.495     1.2
 Update                 4    1       2001       0.052        0.687     1.6
 Constraints            4    1       2001       0.466        6.179    14.8
 Comm. energies         4    1       2001       0.224        2.964     7.1
 Rest                   4                       0.054        0.719     1.7
-----------------------------------------------------------------------------
 Total                  4                       3.152       41.764   100.0
-----------------------------------------------------------------------------

NOTE: 7 % of the run time was spent communicating energies,
      you might want to use the -gcom option of mdrun


               Core t (s)   Wall t (s)        (%)
       Time:       10.770        3.152      341.7
                 (ns/day)    (hour/ns)
Performance:     1097.145        0.022
Finished mdrun on node 0 Tue Mar 10 17:07:11 2020
