Log file opened on Tue Mar 10 17:06:37 2020
Host: pc-036945.clients.vu.nl  pid: 15437  nodeid: 0  nnodes:  1
Gromacs version:    VERSION 4.6.7
Precision:          single
Memory model:       64 bit
MPI library:        thread_mpi
OpenMP support:     enabled
GPU support:        disabled
invsqrt routine:    gmx_software_invsqrt(x)
CPU acceleration:   AVX_256
FFT library:        fftw-3.3.3-sse2
Large file support: enabled
RDTSCP usage:       enabled
Built on:           Mon Aug 22 12:47:47 CEST 2016
Built by:           root@co7-3.clients.vu.nl [CMAKE]
Build OS/arch:      Linux 3.10.0-327.28.2.el7.x86_64 x86_64
Build CPU vendor:   GenuineIntel
Build CPU brand:    Intel(R) Core(TM) i5-3470 CPU @ 3.20GHz
Build CPU family:   6   Model: 58   Stepping: 9
Build CPU features: aes apic avx clfsh cmov cx8 cx16 f16c lahf_lm mmx msr nonstop_tsc pcid pclmuldq popcnt pse rdrnd rdtscp sse2 sse3 sse4.1 sse4.2 ssse3 tdt x2apic
C compiler:         /usr/bin/cc GNU cc (GCC) 4.8.5 20150623 (Red Hat 4.8.5-4)
C compiler flags:   -mavx    -Wextra -Wno-missing-field-initializers -Wno-sign-compare -Wall -Wno-unused -Wunused-value -Wno-unused-parameter -Wno-array-bounds -Wno-maybe-uninitialized -Wno-strict-overflow   -fomit-frame-pointer -funroll-all-loops -fexcess-precision=fast  -O3 -DNDEBUG


                         :-)  G  R  O  M  A  C  S  (-:

                               Grunge ROck MAChoS

                            :-)  VERSION 4.6.7  (-:

        Contributions from Mark Abraham, Emile Apol, Rossen Apostolov, 
           Herman J.C. Berendsen, Aldert van Buuren, Pär Bjelkmar,  
     Rudi van Drunen, Anton Feenstra, Gerrit Groenhof, Christoph Junghans, 
        Peter Kasson, Carsten Kutzner, Per Larsson, Pieter Meulenhoff, 
           Teemu Murtola, Szilard Pall, Sander Pronk, Roland Schulz, 
                Michael Shirts, Alfons Sijbers, Peter Tieleman,

               Berk Hess, David van der Spoel, and Erik Lindahl.

       Copyright (c) 1991-2000, University of Groningen, The Netherlands.
         Copyright (c) 2001-2012,2013, The GROMACS development team at
        Uppsala University & The Royal Institute of Technology, Sweden.
            check out http://www.gromacs.org for more information.

         This program is free software; you can redistribute it and/or
       modify it under the terms of the GNU Lesser General Public License
        as published by the Free Software Foundation; either version 2.1
             of the License, or (at your option) any later version.

                  :-)  /usr/local/gromacs/4.6.7/bin/mdrun  (-:


++++ PLEASE READ AND CITE THE FOLLOWING REFERENCE ++++
B. Hess and C. Kutzner and D. van der Spoel and E. Lindahl
GROMACS 4: Algorithms for highly efficient, load-balanced, and scalable
molecular simulation
J. Chem. Theory Comput. 4 (2008) pp. 435-447
-------- -------- --- Thank You --- -------- --------


++++ PLEASE READ AND CITE THE FOLLOWING REFERENCE ++++
D. van der Spoel, E. Lindahl, B. Hess, G. Groenhof, A. E. Mark and H. J. C.
Berendsen
GROMACS: Fast, Flexible and Free
J. Comp. Chem. 26 (2005) pp. 1701-1719
-------- -------- --- Thank You --- -------- --------


++++ PLEASE READ AND CITE THE FOLLOWING REFERENCE ++++
E. Lindahl and B. Hess and D. van der Spoel
GROMACS 3.0: A package for molecular simulation and trajectory analysis
J. Mol. Mod. 7 (2001) pp. 306-317
-------- -------- --- Thank You --- -------- --------


++++ PLEASE READ AND CITE THE FOLLOWING REFERENCE ++++
H. J. C. Berendsen, D. van der Spoel and R. van Drunen
GROMACS: A message-passing parallel molecular dynamics implementation
Comp. Phys. Comm. 91 (1995) pp. 43-56
-------- -------- --- Thank You --- -------- --------

Input Parameters:
   integrator           = steep
   nsteps               = 10000
   init-step            = 0
   cutoff-scheme        = Group
   ns_type              = Grid
   nstlist              = 10
   ndelta               = 2
   nstcomm              = 100
   comm-mode            = Linear
   nstlog               = 100
   nstxout              = 100
   nstvout              = 100
   nstfout              = 0
   nstcalcenergy        = 100
   nstenergy            = 100
   nstxtcout            = 100
   init-t               = 0
   delta-t              = 0.002
   xtcprec              = 1000
   fourierspacing       = 0.12
   nkx                  = 10
   nky                  = 10
   nkz                  = 10
   pme-order            = 4
   ewald-rtol           = 1e-05
   ewald-geometry       = 0
   epsilon-surface      = 0
   optimize-fft         = FALSE
   ePBC                 = xyz
   bPeriodicMols        = FALSE
   bContinuation        = FALSE
   bShakeSOR            = FALSE
   etc                  = No
   bPrintNHChains       = FALSE
   nsttcouple           = -1
   epc                  = No
   epctype              = Isotropic
   nstpcouple           = -1
   tau-p                = 1
   ref-p (3x3):
      ref-p[    0]={ 0.00000e+00,  0.00000e+00,  0.00000e+00}
      ref-p[    1]={ 0.00000e+00,  0.00000e+00,  0.00000e+00}
      ref-p[    2]={ 0.00000e+00,  0.00000e+00,  0.00000e+00}
   compress (3x3):
      compress[    0]={ 0.00000e+00,  0.00000e+00,  0.00000e+00}
      compress[    1]={ 0.00000e+00,  0.00000e+00,  0.00000e+00}
      compress[    2]={ 0.00000e+00,  0.00000e+00,  0.00000e+00}
   refcoord-scaling     = No
   posres-com (3):
      posres-com[0]= 0.00000e+00
      posres-com[1]= 0.00000e+00
      posres-com[2]= 0.00000e+00
   posres-comB (3):
      posres-comB[0]= 0.00000e+00
      posres-comB[1]= 0.00000e+00
      posres-comB[2]= 0.00000e+00
   verlet-buffer-drift  = 0.005
   rlist                = 1.2
   rlistlong            = 1.2
   nstcalclr            = 0
   rtpi                 = 0.05
   coulombtype          = Shift
   coulomb-modifier     = None
   rcoulomb-switch      = 0
   rcoulomb             = 1.2
   vdwtype              = Shift
   vdw-modifier         = None
   rvdw-switch          = 0.9
   rvdw                 = 1.2
   epsilon-r            = 15
   epsilon-rf           = inf
   tabext               = 1
   implicit-solvent     = No
   gb-algorithm         = Still
   gb-epsilon-solvent   = 80
   nstgbradii           = 1
   rgbradii             = 1
   gb-saltconc          = 0
   gb-obc-alpha         = 1
   gb-obc-beta          = 0.8
   gb-obc-gamma         = 4.85
   gb-dielectric-offset = 0.009
   sa-algorithm         = Ace-approximation
   sa-surface-tension   = 2.05016
   DispCorr             = No
   bSimTemp             = FALSE
   free-energy          = no
   nwall                = 0
   wall-type            = 9-3
   wall-atomtype[0]     = -1
   wall-atomtype[1]     = -1
   wall-density[0]      = 0
   wall-density[1]      = 0
   wall-ewald-zfac      = 3
   pull                 = no
   rotation             = FALSE
   disre                = No
   disre-weighting      = Conservative
   disre-mixed          = FALSE
   dr-fc                = 1000
   dr-tau               = 0
   nstdisreout          = 100
   orires-fc            = 0
   orires-tau           = 0
   nstorireout          = 100
   dihre-fc             = 0
   em-stepsize          = 0.01
   em-tol               = 550
   niter                = 20
   fc-stepsize          = 0
   nstcgsteep           = 1000
   nbfgscorr            = 10
   ConstAlg             = Lincs
   shake-tol            = 0.0001
   lincs-order          = 4
   lincs-warnangle      = 30
   lincs-iter           = 1
   bd-fric              = 0
   ld-seed              = 1993
   cos-accel            = 0
   deform (3x3):
      deform[    0]={ 0.00000e+00,  0.00000e+00,  0.00000e+00}
      deform[    1]={ 0.00000e+00,  0.00000e+00,  0.00000e+00}
      deform[    2]={ 0.00000e+00,  0.00000e+00,  0.00000e+00}
   adress               = FALSE
   userint1             = 0
   userint2             = 0
   userint3             = 0
   userint4             = 0
   userreal1            = 0
   userreal2            = 0
   userreal3            = 0
   userreal4            = 0
grpopts:
   nrdf:        1407
   ref-t:           0
   tau-t:           0
anneal:          No
ann-npoints:           0
   acc:	           0           0           0
   nfreeze:           N           N           N
   energygrp-flags[  0]: 0
   efield-x:
      n = 0
   efield-xt:
      n = 0
   efield-y:
      n = 0
   efield-yt:
      n = 0
   efield-z:
      n = 0
   efield-zt:
      n = 0
   bQMMM                = FALSE
   QMconstraints        = 0
   QMMMscheme           = 0
   scalefactor          = 1
qm-opts:
   ngQM                 = 0

Initializing Domain Decomposition on 4 nodes
Dynamic load balancing: no
Will sort the charge groups at every domain (re)decomposition
Initial maximum inter charge-group distances:
    two-body bonded interactions: 1.087 nm, Bond, atoms 325 332
  multi-body bonded interactions: 0.760 nm, Proper Dih., atoms 249 255
Minimum cell size due to bonded interactions: 0.836 nm
Maximum distance for 5 constraints, at 120 deg. angles, all-trans: 1.350 nm
Estimated maximum distance required for P-LINCS: 1.350 nm
This distance will limit the DD cell size, you can override this with -rcon
Optimizing the DD grid for 4 cells with a minimum initial size of 1.350 nm
The maximum allowed number of cells is: X 6 Y 6 Z 5
Domain decomposition grid 2 x 2 x 1, separate PME nodes 0
Domain decomposition nodeid 0, coordinates 0 0 0

Using 4 MPI threads

Detecting CPU-specific acceleration.
Present hardware specification:
Vendor: GenuineIntel
Brand:  Intel(R) Core(TM) i5-6600 CPU @ 3.30GHz
Family:  6  Model: 94  Stepping:  3
Features: aes apic avx avx2 clfsh cmov cx8 cx16 f16c fma htt lahf_lm mmx msr nonstop_tsc pcid pclmuldq pdcm pdpe1gb popcnt pse rdrnd rdtscp sse2 sse3 sse4.1 sse4.2 ssse3 tdt x2apic
Acceleration most likely to fit this hardware: AVX_256
Acceleration selected at GROMACS compile time: AVX_256

Table routines are used for coulomb: TRUE
Table routines are used for vdw:     TRUE
Using shifted Lennard-Jones, switch between 0.9 and 1.2 nm
Cut-off's:   NS: 1.2   Coulomb: 1.2   LJ: 1.2
System total charge: 0.000
Generated table with 1100 data points for Shift.
Tabscale = 500 points/nm
Generated table with 1100 data points for LJ6Shift.
Tabscale = 500 points/nm
Generated table with 1100 data points for LJ12Shift.
Tabscale = 500 points/nm
Potential shift: LJ r^-12: 0.000 r^-6 0.000
Removing pbc first time
Pinning threads with an auto-selected logical core stride of 1

Initializing Parallel LINear Constraint Solver

++++ PLEASE READ AND CITE THE FOLLOWING REFERENCE ++++
B. Hess
P-LINCS: A Parallel Linear Constraint Solver for molecular simulation
J. Chem. Theory Comput. 4 (2008) pp. 116-122
-------- -------- --- Thank You --- -------- --------

The number of constraints is 108
There are inter charge-group constraints,
will communicate selected coordinates each lincs iteration
65 constraints are involved in constraint triangles,
will apply an additional matrix expansion of order 4 for couplings
between constraints inside triangles

Linking all bonded interactions to atoms

The initial number of communication pulses is: X 1 Y 1
The initial domain decomposition cell size is: X 4.10 nm Y 4.10 nm

The maximum allowed distance for charge groups involved in interactions is:
                 non-bonded interactions           1.200 nm
            two-body bonded interactions  (-rdd)   1.200 nm
          multi-body bonded interactions  (-rdd)   1.200 nm
  atoms separated by up to 5 constraints  (-rcon)  4.102 nm


Making 2D domain decomposition grid 2 x 2 x 1, home cell index 0 0 0

Initiating Steepest Descents
Charge group distribution at step 0: 123 112 140 131
Grid: 10 x 10 x 6 cells
Started Steepest Descents on node 0 Tue Mar 10 17:06:37 2020

Steepest Descents:
   Tolerance (Fmax)   =  5.50000e+02
   Number of steps    =        10000

           Step           Time         Lambda
              0        0.00000        0.00000

   Energies (kJ/mol)
           Bond        G96Bond       G96Angle    Proper Dih.  Improper Dih.
    6.81304e+03    9.43878e+01    1.08993e+03    8.00868e+02    5.31449e+01
        LJ (SR)   Coulomb (SR)      Potential Pressure (bar)   Constr. rmsd
    8.62749e+04   -2.72361e+01    9.50990e+04    8.79242e+01    8.48733e-04

DD  step 0 load imb.: force 26.5%

           Step           Time         Lambda
              1        1.00000        0.00000

   Energies (kJ/mol)
           Bond        G96Bond       G96Angle    Proper Dih.  Improper Dih.
    6.81672e+03    9.44020e+01    1.09118e+03    8.00681e+02    5.30321e+01
        LJ (SR)   Coulomb (SR)      Potential Pressure (bar)   Constr. rmsd
    5.36817e+04   -2.72152e+01    6.25105e+04    8.73638e+01    1.45123e-06

           Step           Time         Lambda
              2        2.00000        0.00000

   Energies (kJ/mol)
           Bond        G96Bond       G96Angle    Proper Dih.  Improper Dih.
    6.81906e+03    9.44285e+01    1.09051e+03    8.00180e+02    5.30200e+01
        LJ (SR)   Coulomb (SR)      Potential Pressure (bar)   Constr. rmsd
    3.33665e+04   -2.71602e+01    4.21965e+04    8.61494e+01    9.62517e-07

           Step           Time         Lambda
              3        3.00000        0.00000

   Energies (kJ/mol)
           Bond        G96Bond       G96Angle    Proper Dih.  Improper Dih.
    6.82105e+03    9.44764e+01    1.08879e+03    7.98810e+02    5.29866e+01
        LJ (SR)   Coulomb (SR)      Potential Pressure (bar)   Constr. rmsd
    2.14677e+04   -2.70112e+01    3.02968e+04    8.29699e+01    9.81530e-07

           Step           Time         Lambda
              4        4.00000        0.00000

   Energies (kJ/mol)
           Bond        G96Bond       G96Angle    Proper Dih.  Improper Dih.
    6.81715e+03    9.46215e+01    1.08373e+03    7.94846e+02    5.28913e+01
        LJ (SR)   Coulomb (SR)      Potential Pressure (bar)   Constr. rmsd
    1.41472e+04   -2.65903e+01    2.29639e+04    7.48350e+01    1.16888e-06

           Step           Time         Lambda
              5        5.00000        0.00000

   Energies (kJ/mol)
           Bond        G96Bond       G96Angle    Proper Dih.  Improper Dih.
    6.78741e+03    9.55274e+01    1.06961e+03    7.82888e+02    5.26213e+01
        LJ (SR)   Coulomb (SR)      Potential Pressure (bar)   Constr. rmsd
    8.00742e+03   -2.54179e+01    1.67701e+04    5.77778e+01    1.11338e-06

           Step           Time         Lambda
              6        6.00000        0.00000

   Energies (kJ/mol)
           Bond        G96Bond       G96Angle    Proper Dih.  Improper Dih.
    6.64662e+03    1.01459e+02    1.03771e+03    7.47154e+02    5.20439e+01
        LJ (SR)   Coulomb (SR)      Potential Pressure (bar)   Constr. rmsd
    2.46529e+03   -2.28786e+01    1.10274e+04    3.71177e+01    8.17088e-06

           Step           Time         Lambda
              7        7.00000        0.00000

   Energies (kJ/mol)
           Bond        G96Bond       G96Angle    Proper Dih.  Improper Dih.
    6.00870e+03    1.32303e+02    9.59925e+02    6.36403e+02    5.15958e+01
        LJ (SR)   Coulomb (SR)      Potential Pressure (bar)   Constr. rmsd
   -2.00369e+03   -2.02098e+01    5.76503e+03    2.17887e+01    2.54101e-05

           Step           Time         Lambda
              8        8.00000        0.00000

   Energies (kJ/mol)
           Bond        G96Bond       G96Angle    Proper Dih.  Improper Dih.
    4.36542e+03    2.15754e+02    8.44534e+02    4.56121e+02    5.19428e+01
        LJ (SR)   Coulomb (SR)      Potential Pressure (bar)   Constr. rmsd
   -4.34590e+03   -2.12031e+01    1.56667e+03    1.32785e+01    5.65893e-06

           Step           Time         Lambda
              9        9.00000        0.00000

   Energies (kJ/mol)
           Bond        G96Bond       G96Angle    Proper Dih.  Improper Dih.
    2.84325e+03    3.23623e+02    7.68505e+02    3.46245e+02    5.22563e+01
        LJ (SR)   Coulomb (SR)      Potential Pressure (bar)   Constr. rmsd
   -5.21240e+03   -2.38480e+01   -9.02363e+02    9.02080e+00    5.65297e-06

           Step           Time         Lambda
             10       10.00000        0.00000

   Energies (kJ/mol)
           Bond        G96Bond       G96Angle    Proper Dih.  Improper Dih.
    2.19561e+03    3.84464e+02    7.11861e+02    2.93554e+02    5.24982e+01
        LJ (SR)   Coulomb (SR)      Potential Pressure (bar)   Constr. rmsd
   -5.59597e+03   -2.60480e+01   -1.98403e+03    8.02574e+00    2.51194e-06

           Step           Time         Lambda
             11       11.00000        0.00000

   Energies (kJ/mol)
           Bond        G96Bond       G96Angle    Proper Dih.  Improper Dih.
    1.36528e+03    4.88096e+02    6.50599e+02    2.39350e+02    5.13255e+01
        LJ (SR)   Coulomb (SR)      Potential Pressure (bar)   Constr. rmsd
   -5.94016e+03   -2.94428e+01   -3.17496e+03    5.58840e+00    7.06512e-06

           Step           Time         Lambda
             12       12.00000        0.00000

   Energies (kJ/mol)
           Bond        G96Bond       G96Angle    Proper Dih.  Improper Dih.
    1.12261e+03    5.31331e+02    6.23521e+02    2.06518e+02    4.94080e+01
        LJ (SR)   Coulomb (SR)      Potential Pressure (bar)   Constr. rmsd
   -6.13065e+03   -3.15454e+01   -3.62881e+03    7.23230e+00    1.15658e-05

           Step           Time         Lambda
             13       13.00000        0.00000

   Energies (kJ/mol)
           Bond        G96Bond       G96Angle    Proper Dih.  Improper Dih.
    8.99172e+02    5.49827e+02    6.01884e+02    1.91851e+02    4.60937e+01
        LJ (SR)   Coulomb (SR)      Potential Pressure (bar)   Constr. rmsd
   -6.11997e+03   -3.32518e+01   -3.86439e+03    6.32651e+00    2.23651e-04

           Step           Time         Lambda
             14       14.00000        0.00000

   Energies (kJ/mol)
           Bond        G96Bond       G96Angle    Proper Dih.  Improper Dih.
    8.68251e+02    5.83392e+02    6.17352e+02    1.95543e+02    4.58505e+01
        LJ (SR)   Coulomb (SR)      Potential Pressure (bar)   Constr. rmsd
   -6.29184e+03   -3.44417e+01   -4.01590e+03    9.19222e+00    1.13355e-03

           Step           Time         Lambda
             15       15.00000        0.00000

   Energies (kJ/mol)
           Bond        G96Bond       G96Angle    Proper Dih.  Improper Dih.
    7.53540e+02    5.75193e+02    5.85434e+02    1.76169e+02    4.27776e+01
        LJ (SR)   Coulomb (SR)      Potential Pressure (bar)   Constr. rmsd
   -6.38111e+03   -3.54699e+01   -4.28346e+03    6.14691e+00    8.30858e-04

           Step           Time         Lambda
             16       16.00000        0.00000

           Step           Time         Lambda
             17       17.00000        0.00000

   Energies (kJ/mol)
           Bond        G96Bond       G96Angle    Proper Dih.  Improper Dih.
    6.78439e+02    5.90947e+02    6.24061e+02    2.04970e+02    4.09188e+01
        LJ (SR)   Coulomb (SR)      Potential Pressure (bar)   Constr. rmsd
   -6.56506e+03   -3.68647e+01   -4.46259e+03    4.56843e+00    3.59604e-04

           Step           Time         Lambda
             18       18.00000        0.00000

   Energies (kJ/mol)
           Bond        G96Bond       G96Angle    Proper Dih.  Improper Dih.
    5.98427e+02    5.77715e+02    6.15226e+02    1.89010e+02    3.95790e+01
        LJ (SR)   Coulomb (SR)      Potential Pressure (bar)   Constr. rmsd
   -6.58692e+03   -3.78204e+01   -4.60479e+03    4.73599e+00    1.37853e-06

           Step           Time         Lambda
             19       19.00000        0.00000

           Step           Time         Lambda
             20       20.00000        0.00000

   Energies (kJ/mol)
           Bond        G96Bond       G96Angle    Proper Dih.  Improper Dih.
    5.59782e+02    5.72862e+02    5.72555e+02    1.69774e+02    3.85087e+01
        LJ (SR)   Coulomb (SR)      Potential Pressure (bar)   Constr. rmsd
   -6.65394e+03   -3.84838e+01   -4.77894e+03    4.31228e+00    1.07344e-06

           Step           Time         Lambda
             21       21.00000        0.00000

           Step           Time         Lambda
             22       22.00000        0.00000

   Energies (kJ/mol)
           Bond        G96Bond       G96Angle    Proper Dih.  Improper Dih.
    5.21602e+02    5.68380e+02    5.44824e+02    1.50252e+02    3.76456e+01
        LJ (SR)   Coulomb (SR)      Potential Pressure (bar)   Constr. rmsd
   -6.68134e+03   -3.90098e+01   -4.89765e+03    4.40943e+00    9.88643e-07

           Step           Time         Lambda
             23       23.00000        0.00000

   Energies (kJ/mol)
           Bond        G96Bond       G96Angle    Proper Dih.  Improper Dih.
    4.58813e+02    5.70125e+02    6.08817e+02    1.91913e+02    3.49976e+01
        LJ (SR)   Coulomb (SR)      Potential Pressure (bar)   Constr. rmsd
   -6.75828e+03   -4.04473e+01   -4.93406e+03    3.82816e+00    2.91603e-06

           Step           Time         Lambda
             24       24.00000        0.00000

   Energies (kJ/mol)
           Bond        G96Bond       G96Angle    Proper Dih.  Improper Dih.
    4.33651e+02    5.61588e+02    5.29102e+02    1.44679e+02    3.44507e+01
        LJ (SR)   Coulomb (SR)      Potential Pressure (bar)   Constr. rmsd
   -6.78213e+03   -4.07223e+01   -5.11938e+03    4.30049e+00    1.12167e-06

           Step           Time         Lambda
             25       25.00000        0.00000

           Step           Time         Lambda
             26       26.00000        0.00000

   Energies (kJ/mol)
           Bond        G96Bond       G96Angle    Proper Dih.  Improper Dih.
    4.17689e+02    5.57970e+02    5.36833e+02    1.45464e+02    3.33867e+01
        LJ (SR)   Coulomb (SR)      Potential Pressure (bar)   Constr. rmsd
   -6.81091e+03   -4.11989e+01   -5.16077e+03    3.84075e+00    1.27396e-06

           Step           Time         Lambda
             27       27.00000        0.00000

   Energies (kJ/mol)
           Bond        G96Bond       G96Angle    Proper Dih.  Improper Dih.
    4.00150e+02    5.59032e+02    5.40284e+02    1.59347e+02    3.25192e+01
        LJ (SR)   Coulomb (SR)      Potential Pressure (bar)   Constr. rmsd
   -6.83525e+03   -4.15868e+01   -5.18550e+03    4.51474e+00    1.25549e-06

           Step           Time         Lambda
             28       28.00000        0.00000

           Step           Time         Lambda
             29       29.00000        0.00000

   Energies (kJ/mol)
           Bond        G96Bond       G96Angle    Proper Dih.  Improper Dih.
    3.91818e+02    5.51888e+02    5.04023e+02    1.27316e+02    3.20617e+01
        LJ (SR)   Coulomb (SR)      Potential Pressure (bar)   Constr. rmsd
   -6.85639e+03   -4.17857e+01   -5.29107e+03    3.96891e+00    1.14021e-06


Steepest Descents converged to Fmax < 550 in 30 steps
Potential Energy  = -5.2910654e+03
Maximum force     =  1.9706898e+02 on atom 477
Norm of force     =  5.8505936e+01

	M E G A - F L O P S   A C C O U N T I N G

 NB=Group-cutoff nonbonded kernels    NxN=N-by-N cluster Verlet kernels
 RF=Reaction-Field  VdW=Van der Waals  QSTab=quadratic-spline table
 W3=SPC/TIP3p  W4=TIP4p (single or pairs)
 V&F=Potential and force  V=Potential only  F=Force only

 Computing:                               M-Number         M-Flops  % Flops
-----------------------------------------------------------------------------
 NB VdW [V&F]                            24.446117          24.446    41.5
 NB VdW & Elec. [V&F]                     0.737366           0.737     1.3
 NS-Pairs                                 1.250056          26.251    44.6
 Reset In Box                             0.015180           0.046     0.1
 CG-CoM                                   0.018216           0.055     0.1
 Bonds                                    0.050010           2.951     5.0
 Angles                                   0.015000           2.520     4.3
 Propers                                  0.002250           0.515     0.9
 Impropers                                0.000660           0.137     0.2
 Virial                                   0.020580           0.370     0.6
 Lincs                                    0.007120           0.427     0.7
 Lincs-Mat                                0.088092           0.352     0.6
 Constraint-Vir                           0.003563           0.086     0.1
-----------------------------------------------------------------------------
 Total                                                      58.893   100.0
-----------------------------------------------------------------------------


    D O M A I N   D E C O M P O S I T I O N   S T A T I S T I C S

 av. #atoms communicated per step for force:  2 x 413.3
 av. #atoms communicated per step for LINCS:  2 x 16.0


     R E A L   C Y C L E   A N D   T I M E   A C C O U N T I N G

 Computing:         Nodes   Th.     Count  Wall t (s)     G-Cycles       %
-----------------------------------------------------------------------------
 Domain decomp.         4    1         35       0.010        0.251    19.9
 DD comm. load          4    1          1       0.000        0.000     0.0
 Neighbor search        4    1         30       0.003        0.080     6.4
 Comm. coord.           4    1         30       0.000        0.003     0.2
 Force                  4    1         30       0.001        0.026     2.0
 Wait + Comm. F         4    1         30       0.004        0.086     6.8
 Constraints            4    1         59       0.001        0.023     1.8
 Comm. energies         4    1         30       0.004        0.095     7.5
 Rest                   4                       0.029        0.699    55.3
-----------------------------------------------------------------------------
 Total                  4                       0.052        1.263   100.0
-----------------------------------------------------------------------------

NOTE: 8 % of the run time was spent communicating energies,
      you might want to use the -gcom option of mdrun


               Core t (s)   Wall t (s)        (%)
       Time:        0.170        0.052      327.8
               (steps/hour)
Performance:      2082535.7
Finished mdrun on node 0 Tue Mar 10 17:06:37 2020
