 !!! Residue PRO  240 B has  4 instead of expected   3 sidechain atoms.
     last sidechain atom name is  OXT
     calculated solvent accessibility includes extra atoms !!!

 !!! Backbone incomplete for residue MET  123  
     residue will be ignored !!!

 !!! Backbone incomplete for residue LEU  124  
     residue will be ignored !!!

 !!! Backbone incomplete for residue ARG  125  
     residue will be ignored !!!

 !!! Backbone incomplete for residue PRO  126  
     residue will be ignored !!!

 !!! Backbone incomplete for residue LYS  127  
     residue will be ignored !!!

 !!! Backbone incomplete for residue ALA  128  
     residue will be ignored !!!

 !!! Backbone incomplete for residue LEU  129  
     residue will be ignored !!!

 !!! Backbone incomplete for residue THR  130  
     residue will be ignored !!!

 !!! Backbone incomplete for residue GLN  131  
     residue will be ignored !!!

 !!! Backbone incomplete for residue VAL  132  
     residue will be ignored !!!

 !!! Backbone incomplete for residue LEU  133  
     residue will be ignored !!!

 !!! Backbone incomplete for residue SER  134  
     residue will be ignored !!!

 !!! Backbone incomplete for residue GLN  135  
     residue will be ignored !!!

 !!! Backbone incomplete for residue ALA  136  
     residue will be ignored !!!

 !!! Backbone incomplete for residue ASN  137  
     residue will be ignored !!!

 !!! Backbone incomplete for residue THR  138  
     residue will be ignored !!!

 !!! Backbone incomplete for residue GLY  139  
     residue will be ignored !!!

 !!! Backbone incomplete for residue GLY  140  
     residue will be ignored !!!

 !!! Backbone incomplete for residue VAL  141  
     residue will be ignored !!!

 !!! Backbone incomplete for residue GLN  142  
     residue will be ignored !!!

 !!! Backbone incomplete for residue SER  143  
     residue will be ignored !!!

 !!! Backbone incomplete for residue THR  144  
     residue will be ignored !!!

 !!! Backbone incomplete for residue LEU  145  
     residue will be ignored !!!

 !!! Backbone incomplete for residue LEU  146  
     residue will be ignored !!!

 !!! Backbone incomplete for residue LEU  147  
     residue will be ignored !!!

 !!! Backbone incomplete for residue ASN  148  
     residue will be ignored !!!

 !!! Backbone incomplete for residue ASN  149  
     residue will be ignored !!!

 !!! Backbone incomplete for residue GLU  150  
     residue will be ignored !!!

 !!! Backbone incomplete for residue GLY  151  
     residue will be ignored !!!

 !!! Backbone incomplete for residue SER  152  
     residue will be ignored !!!

 !!! Backbone incomplete for residue LEU  153  
     residue will be ignored !!!

 !!! Backbone incomplete for residue LEU  154  
     residue will be ignored !!!

 !!! Backbone incomplete for residue ALA  155  
     residue will be ignored !!!

 !!! Backbone incomplete for residue TYR  156  
     residue will be ignored !!!

 !!! Backbone incomplete for residue SER  157  
     residue will be ignored !!!

 !!! Backbone incomplete for residue GLY  158  
     residue will be ignored !!!

 !!! Backbone incomplete for residue TYR  159  
     residue will be ignored !!!

 !!! Backbone incomplete for residue GLY  160  
     residue will be ignored !!!

 !!! Backbone incomplete for residue ASP  161  
     residue will be ignored !!!

 !!! Backbone incomplete for residue THR  162  
     residue will be ignored !!!

 !!! Backbone incomplete for residue ASP  163  
     residue will be ignored !!!

 !!! Backbone incomplete for residue ALA  164  
     residue will be ignored !!!

 !!! Backbone incomplete for residue ARG  165  
     residue will be ignored !!!

 !!! Backbone incomplete for residue VAL  166  
     residue will be ignored !!!

 !!! Backbone incomplete for residue THR  167  
     residue will be ignored !!!

 !!! Backbone incomplete for residue ALA  168  
     residue will be ignored !!!

 !!! Backbone incomplete for residue ALA  169  
     residue will be ignored !!!

 !!! Backbone incomplete for residue ILE  170  
     residue will be ignored !!!

 !!! Backbone incomplete for residue ALA  171  
     residue will be ignored !!!

 !!! Backbone incomplete for residue SER  172  
     residue will be ignored !!!

 !!! Backbone incomplete for residue ASN  173  
     residue will be ignored !!!

 !!! Backbone incomplete for residue ILE  174  
     residue will be ignored !!!

 !!! Backbone incomplete for residue TRP  175  
     residue will be ignored !!!

 !!! Backbone incomplete for residue ALA  176  
     residue will be ignored !!!

 !!! Backbone incomplete for residue ALA  177  
     residue will be ignored !!!

 !!! Backbone incomplete for residue TYR  178  
     residue will be ignored !!!

 !!! Backbone incomplete for residue ASP  179  
     residue will be ignored !!!

 !!! Backbone incomplete for residue ARG  180  
     residue will be ignored !!!

 !!! Backbone incomplete for residue ASN  181  
     residue will be ignored !!!

 !!! Backbone incomplete for residue GLY  182  
     residue will be ignored !!!

 !!! Backbone incomplete for residue ASN  183  
     residue will be ignored !!!

 !!! Backbone incomplete for residue GLN  184  
     residue will be ignored !!!

 !!! Backbone incomplete for residue ALA  185  
     residue will be ignored !!!

 !!! Backbone incomplete for residue PHE  186  
     residue will be ignored !!!

 !!! Backbone incomplete for residue ASN  187  
     residue will be ignored !!!

 !!! Backbone incomplete for residue GLU  188  
     residue will be ignored !!!

 !!! Backbone incomplete for residue ASP  189  
     residue will be ignored !!!

 !!! Backbone incomplete for residue SER  190  
     residue will be ignored !!!

 !!! Backbone incomplete for residue LEU  191  
     residue will be ignored !!!

 !!! Backbone incomplete for residue LYS  192  
     residue will be ignored !!!

 !!! Backbone incomplete for residue PHE  193  
     residue will be ignored !!!

 !!! Backbone incomplete for residue ILE  194  
     residue will be ignored !!!

 !!! Backbone incomplete for residue LEU  195  
     residue will be ignored !!!

 !!! Backbone incomplete for residue MET  196  
     residue will be ignored !!!

 !!! Backbone incomplete for residue ASP  197  
     residue will be ignored !!!

 !!! Backbone incomplete for residue CYS  198  
     residue will be ignored !!!

 !!! Backbone incomplete for residue MET  199  
     residue will be ignored !!!

 !!! Backbone incomplete for residue GLU  200  
     residue will be ignored !!!

 !!! Backbone incomplete for residue GLY  201  
     residue will be ignored !!!

 !!! Backbone incomplete for residue ARG  202  
     residue will be ignored !!!

 !!! Backbone incomplete for residue VAL  203  
     residue will be ignored !!!

 !!! Backbone incomplete for residue ALA  204  
     residue will be ignored !!!

 !!! Backbone incomplete for residue ILE  205  
     residue will be ignored !!!

 !!! Backbone incomplete for residue THR  206  
     residue will be ignored !!!

 !!! Backbone incomplete for residue ARG  207  
     residue will be ignored !!!

 !!! Backbone incomplete for residue VAL  208  
     residue will be ignored !!!

 !!! Backbone incomplete for residue ALA  209  
     residue will be ignored !!!

 !!! Backbone incomplete for residue ASN  210  
     residue will be ignored !!!

 !!! Backbone incomplete for residue LEU  211  
     residue will be ignored !!!

 !!! Backbone incomplete for residue LEU  212  
     residue will be ignored !!!

 !!! Backbone incomplete for residue LEU  213  
     residue will be ignored !!!

 !!! Backbone incomplete for residue CYS  214  
     residue will be ignored !!!

 !!! Backbone incomplete for residue MET  215  
     residue will be ignored !!!

 !!! Backbone incomplete for residue TYR  216  
     residue will be ignored !!!

 !!! Backbone incomplete for residue ALA  217  
     residue will be ignored !!!

 !!! Backbone incomplete for residue LYS  218  
     residue will be ignored !!!

 !!! Backbone incomplete for residue GLU  219  
     residue will be ignored !!!

 !!! Backbone incomplete for residue THR  220  
     residue will be ignored !!!

 !!! Backbone incomplete for residue VAL  221  
     residue will be ignored !!!

 !!! Backbone incomplete for residue GLY  222  
     residue will be ignored !!!

 !!! Backbone incomplete for residue PHE  223  
     residue will be ignored !!!

 !!! Backbone incomplete for residue GLY  224  
     residue will be ignored !!!

 !!! Backbone incomplete for residue MET  225  
     residue will be ignored !!!

 !!! Backbone incomplete for residue LEU  226  
     residue will be ignored !!!

 !!! Backbone incomplete for residue LYS  227  
     residue will be ignored !!!

 !!! Backbone incomplete for residue ALA  228  
     residue will be ignored !!!

 !!! Backbone incomplete for residue LYS  229  
     residue will be ignored !!!

 !!! Backbone incomplete for residue ALA  230  
     residue will be ignored !!!

 !!! Backbone incomplete for residue GLN  231  
     residue will be ignored !!!

 !!! Backbone incomplete for residue ALA  232  
     residue will be ignored !!!

 !!! Backbone incomplete for residue LEU  233  
     residue will be ignored !!!

 !!! Backbone incomplete for residue VAL  234  
     residue will be ignored !!!

 !!! Backbone incomplete for residue GLN  235  
     residue will be ignored !!!

 !!! Backbone incomplete for residue TYR  236  
     residue will be ignored !!!

 !!! Backbone incomplete for residue LEU  237  
     residue will be ignored !!!

 !!! Backbone incomplete for residue GLU  238  
     residue will be ignored !!!

 !!! Backbone incomplete for residue GLU  239  
     residue will be ignored !!!

 !!! Backbone incomplete for residue PRO  240  
     residue will be ignored !!!

 !!! HEADER-card missing !!!
 !!! COMPOUND-card missing !!!
 !!! SOURCE-card missing !!!
 !!! AUTHOR-card missing !!!
