Log file opened on Tue Mar 10 17:15:51 2020
Host: pc-036945.clients.vu.nl  pid: 16752  nodeid: 0  nnodes:  1
Gromacs version:    VERSION 4.6.7
Precision:          single
Memory model:       64 bit
MPI library:        thread_mpi
OpenMP support:     enabled
GPU support:        disabled
invsqrt routine:    gmx_software_invsqrt(x)
CPU acceleration:   AVX_256
FFT library:        fftw-3.3.3-sse2
Large file support: enabled
RDTSCP usage:       enabled
Built on:           Mon Aug 22 12:47:47 CEST 2016
Built by:           root@co7-3.clients.vu.nl [CMAKE]
Build OS/arch:      Linux 3.10.0-327.28.2.el7.x86_64 x86_64
Build CPU vendor:   GenuineIntel
Build CPU brand:    Intel(R) Core(TM) i5-3470 CPU @ 3.20GHz
Build CPU family:   6   Model: 58   Stepping: 9
Build CPU features: aes apic avx clfsh cmov cx8 cx16 f16c lahf_lm mmx msr nonstop_tsc pcid pclmuldq popcnt pse rdrnd rdtscp sse2 sse3 sse4.1 sse4.2 ssse3 tdt x2apic
C compiler:         /usr/bin/cc GNU cc (GCC) 4.8.5 20150623 (Red Hat 4.8.5-4)
C compiler flags:   -mavx    -Wextra -Wno-missing-field-initializers -Wno-sign-compare -Wall -Wno-unused -Wunused-value -Wno-unused-parameter -Wno-array-bounds -Wno-maybe-uninitialized -Wno-strict-overflow   -fomit-frame-pointer -funroll-all-loops -fexcess-precision=fast  -O3 -DNDEBUG


                         :-)  G  R  O  M  A  C  S  (-:

                  Green Red Orange Magenta Azure Cyan Skyblue

                            :-)  VERSION 4.6.7  (-:

        Contributions from Mark Abraham, Emile Apol, Rossen Apostolov, 
           Herman J.C. Berendsen, Aldert van Buuren, Pär Bjelkmar,  
     Rudi van Drunen, Anton Feenstra, Gerrit Groenhof, Christoph Junghans, 
        Peter Kasson, Carsten Kutzner, Per Larsson, Pieter Meulenhoff, 
           Teemu Murtola, Szilard Pall, Sander Pronk, Roland Schulz, 
                Michael Shirts, Alfons Sijbers, Peter Tieleman,

               Berk Hess, David van der Spoel, and Erik Lindahl.

       Copyright (c) 1991-2000, University of Groningen, The Netherlands.
         Copyright (c) 2001-2012,2013, The GROMACS development team at
        Uppsala University & The Royal Institute of Technology, Sweden.
            check out http://www.gromacs.org for more information.

         This program is free software; you can redistribute it and/or
       modify it under the terms of the GNU Lesser General Public License
        as published by the Free Software Foundation; either version 2.1
             of the License, or (at your option) any later version.

                                :-)  mdrun  (-:


++++ PLEASE READ AND CITE THE FOLLOWING REFERENCE ++++
B. Hess and C. Kutzner and D. van der Spoel and E. Lindahl
GROMACS 4: Algorithms for highly efficient, load-balanced, and scalable
molecular simulation
J. Chem. Theory Comput. 4 (2008) pp. 435-447
-------- -------- --- Thank You --- -------- --------


++++ PLEASE READ AND CITE THE FOLLOWING REFERENCE ++++
D. van der Spoel, E. Lindahl, B. Hess, G. Groenhof, A. E. Mark and H. J. C.
Berendsen
GROMACS: Fast, Flexible and Free
J. Comp. Chem. 26 (2005) pp. 1701-1719
-------- -------- --- Thank You --- -------- --------


++++ PLEASE READ AND CITE THE FOLLOWING REFERENCE ++++
E. Lindahl and B. Hess and D. van der Spoel
GROMACS 3.0: A package for molecular simulation and trajectory analysis
J. Mol. Mod. 7 (2001) pp. 306-317
-------- -------- --- Thank You --- -------- --------


++++ PLEASE READ AND CITE THE FOLLOWING REFERENCE ++++
H. J. C. Berendsen, D. van der Spoel and R. van Drunen
GROMACS: A message-passing parallel molecular dynamics implementation
Comp. Phys. Comm. 91 (1995) pp. 43-56
-------- -------- --- Thank You --- -------- --------

Input Parameters:
   integrator           = md
   nsteps               = 25000
   init-step            = 0
   cutoff-scheme        = Group
   ns_type              = Grid
   nstlist              = 10
   ndelta               = 2
   nstcomm              = 5
   comm-mode            = Linear
   nstlog               = 10000
   nstxout              = 10000
   nstvout              = 10000
   nstfout              = 10000
   nstcalcenergy        = 5
   nstenergy            = 5
   nstxtcout            = 10000
   init-t               = 0
   delta-t              = 0.02
   xtcprec              = 1000
   fourierspacing       = 0.12
   nkx                  = 10
   nky                  = 10
   nkz                  = 10
   pme-order            = 4
   ewald-rtol           = 1e-05
   ewald-geometry       = 0
   epsilon-surface      = 0
   optimize-fft         = FALSE
   ePBC                 = xyz
   bPeriodicMols        = FALSE
   bContinuation        = FALSE
   bShakeSOR            = FALSE
   etc                  = Berendsen
   bPrintNHChains       = FALSE
   nsttcouple           = 1
   epc                  = Berendsen
   epctype              = Isotropic
   nstpcouple           = 10
   tau-p                = 0.5
   ref-p (3x3):
      ref-p[    0]={ 3.00000e+02,  0.00000e+00,  0.00000e+00}
      ref-p[    1]={ 0.00000e+00,  3.00000e+02,  0.00000e+00}
      ref-p[    2]={ 0.00000e+00,  0.00000e+00,  3.00000e+02}
   compress (3x3):
      compress[    0]={ 1.00000e-05,  0.00000e+00,  0.00000e+00}
      compress[    1]={ 0.00000e+00,  1.00000e-05,  0.00000e+00}
      compress[    2]={ 0.00000e+00,  0.00000e+00,  1.00000e-05}
   refcoord-scaling     = No
   posres-com (3):
      posres-com[0]= 0.00000e+00
      posres-com[1]= 0.00000e+00
      posres-com[2]= 0.00000e+00
   posres-comB (3):
      posres-comB[0]= 0.00000e+00
      posres-comB[1]= 0.00000e+00
      posres-comB[2]= 0.00000e+00
   verlet-buffer-drift  = 0.005
   rlist                = 1.2
   rlistlong            = 1.2
   nstcalclr            = 0
   rtpi                 = 0.05
   coulombtype          = Shift
   coulomb-modifier     = None
   rcoulomb-switch      = 0
   rcoulomb             = 1.2
   vdwtype              = Shift
   vdw-modifier         = None
   rvdw-switch          = 0.9
   rvdw                 = 1.2
   epsilon-r            = 15
   epsilon-rf           = inf
   tabext               = 1
   implicit-solvent     = No
   gb-algorithm         = Still
   gb-epsilon-solvent   = 80
   nstgbradii           = 1
   rgbradii             = 1
   gb-saltconc          = 0
   gb-obc-alpha         = 1
   gb-obc-beta          = 0.8
   gb-obc-gamma         = 4.85
   gb-dielectric-offset = 0.009
   sa-algorithm         = Ace-approximation
   sa-surface-tension   = 2.05016
   DispCorr             = No
   bSimTemp             = FALSE
   free-energy          = no
   nwall                = 0
   wall-type            = 9-3
   wall-atomtype[0]     = -1
   wall-atomtype[1]     = -1
   wall-density[0]      = 0
   wall-density[1]      = 0
   wall-ewald-zfac      = 3
   pull                 = umbrella
   pull-geometry        = distance
   pull-dim (3):
      pull-dim[0]=1
      pull-dim[1]=1
      pull-dim[2]=1
   pull-r1              = 1
   pull-r0              = 1.5
   pull-constr-tol      = 1e-06
   pull-nstxout         = 5
   pull-nstfout         = 5
   pull-ngrp            = 1
   pull-group 0:
     atom (122):
        atom[0]=0
        atom[1]=1
        atom[2]=3
        atom[3]=5
        atom[4]=7
        atom[5]=10
        atom[6]=13
        atom[7]=17
        atom[8]=19
        atom[9]=23
        atom[10]=26
        atom[11]=29
        atom[12]=31
        atom[13]=33
        atom[14]=35
        atom[15]=37
        atom[16]=39
        atom[17]=40
        atom[18]=42
        atom[19]=46
        atom[20]=47
        atom[21]=49
        atom[22]=51
        atom[23]=53
        atom[24]=55
        atom[25]=57
        atom[26]=60
        atom[27]=62
        atom[28]=63
        atom[29]=65
        atom[30]=67
        atom[31]=69
        atom[32]=71
        atom[33]=74
        atom[34]=76
        atom[35]=77
        atom[36]=79
        atom[37]=81
        atom[38]=83
        atom[39]=84
        atom[40]=86
        atom[41]=88
        atom[42]=92
        atom[43]=93
        atom[44]=95
        atom[45]=98
        atom[46]=100
        atom[47]=101
        atom[48]=105
        atom[49]=107
        atom[50]=109
        atom[51]=111
        atom[52]=115
        atom[53]=116
        atom[54]=118
        atom[55]=119
        atom[56]=121
        atom[57]=123
        atom[58]=125
        atom[59]=126
        atom[60]=128
        atom[61]=131
        atom[62]=133
        atom[63]=134
        atom[64]=136
        atom[65]=138
        atom[66]=141
        atom[67]=143
        atom[68]=146
        atom[69]=148
        atom[70]=150
        atom[71]=152
        atom[72]=154
        atom[73]=158
        atom[74]=162
        atom[75]=164
        atom[76]=166
        atom[77]=170
        atom[78]=172
        atom[79]=174
        atom[80]=176
        atom[81]=178
        atom[82]=182
        atom[83]=184
        atom[84]=187
        atom[85]=189
        atom[86]=191
        atom[87]=193
        atom[88]=195
        atom[89]=197
        atom[90]=199
        atom[91]=203
        atom[92]=205
        atom[93]=206
        atom[94]=208
        atom[95]=210
        atom[96]=212
        atom[97]=213
        atom[98]=215
        atom[99]=217
        atom[100]=218
        atom[101]=220
        atom[102]=222
        atom[103]=224
        atom[104]=226
        atom[105]=228
        atom[106]=230
        atom[107]=233
        atom[108]=235
        atom[109]=237
        atom[110]=238
        atom[111]=240
        atom[112]=242
        atom[113]=246
        atom[114]=248
        atom[115]=250
        atom[116]=252
        atom[117]=254
        atom[118]=257
        atom[119]=259
        atom[120]=261
        atom[121]=263
     weight: not available
     pbcatom              = 128
     vec (3):
        vec[0]= 0.00000e+00
        vec[1]= 0.00000e+00
        vec[2]= 0.00000e+00
     init (3):
        init[0]= 0.00000e+00
        init[1]= 0.00000e+00
        init[2]= 0.00000e+00
     rate                 = 0
     k                    = 0
     kB                   = 0
   pull-group 1:
     atom (118):
        atom[0]=265
        atom[1]=267
        atom[2]=269
        atom[3]=272
        atom[4]=274
        atom[5]=277
        atom[6]=278
        atom[7]=280
        atom[8]=282
        atom[9]=284
        atom[10]=286
        atom[11]=288
        atom[12]=290
        atom[13]=292
        atom[14]=293
        atom[15]=295
        atom[16,...,18] = {297,...,299}
        atom[19]=301
        atom[20]=303
        atom[21]=305
        atom[22]=307
        atom[23]=309
        atom[24]=311
        atom[25]=313
        atom[26]=315
        atom[27]=317
        atom[28]=319
        atom[29]=320
        atom[30]=322
        atom[31]=324
        atom[32]=326
        atom[33]=327
        atom[34]=331
        atom[35]=333
        atom[36]=334
        atom[37]=338
        atom[38]=339
        atom[39]=341
        atom[40]=343
        atom[41]=345
        atom[42]=346
        atom[43]=349
        atom[44]=351
        atom[45,...,47] = {353,...,355}
        atom[48]=357
        atom[49]=358
        atom[50]=360
        atom[51]=362
        atom[52]=364
        atom[53,...,55] = {369,...,371}
        atom[56]=375
        atom[57]=377
        atom[58]=380
        atom[59]=382
        atom[60]=383
        atom[61]=385
        atom[62]=387
        atom[63]=388
        atom[64]=392
        atom[65]=394
        atom[66]=396
        atom[67]=398
        atom[68]=400
        atom[69]=402
        atom[70]=405
        atom[71]=409
        atom[72]=411
        atom[73]=413
        atom[74]=415
        atom[75]=417
        atom[76]=419
        atom[77]=421
        atom[78]=423
        atom[79]=424
        atom[80]=427
        atom[81]=429
        atom[82]=430
        atom[83]=432
        atom[84]=434
        atom[85]=437
        atom[86]=439
        atom[87]=440
        atom[88]=442
        atom[89]=444
        atom[90]=446
        atom[91]=448
        atom[92]=450
        atom[93]=452
        atom[94]=456
        atom[95]=457
        atom[96]=460
        atom[97]=462
        atom[98]=464
        atom[99]=466
        atom[100]=467
        atom[101]=471
        atom[102]=472
        atom[103]=474
        atom[104]=476
        atom[105]=479
        atom[106]=480
        atom[107]=483
        atom[108]=484
        atom[109]=486
        atom[110]=487
        atom[111]=489
        atom[112]=491
        atom[113]=493
        atom[114]=497
        atom[115]=499
        atom[116]=501
        atom[117]=503
     weight: not available
     pbcatom              = 380
     vec (3):
        vec[0]= 0.00000e+00
        vec[1]= 0.00000e+00
        vec[2]= 0.00000e+00
     init (3):
        init[0]= 2.20001e+00
        init[1]= 5.27766e+13
        init[2]=        -nan
     rate                 = 0
     k                    = 1000
     kB                   = 1000
   rotation             = FALSE
   disre                = No
   disre-weighting      = Conservative
   disre-mixed          = FALSE
   dr-fc                = 1000
   dr-tau               = 0
   nstdisreout          = 100
   orires-fc            = 0
   orires-tau           = 0
   nstorireout          = 100
   dihre-fc             = 0
   em-stepsize          = 0.01
   em-tol               = 10
   niter                = 20
   fc-stepsize          = 0
   nstcgsteep           = 1000
   nbfgscorr            = 10
   ConstAlg             = Lincs
   shake-tol            = 0.0001
   lincs-order          = 4
   lincs-warnangle      = 30
   lincs-iter           = 1
   bd-fric              = 0
   ld-seed              = 1993
   cos-accel            = 0
   deform (3x3):
      deform[    0]={ 0.00000e+00,  0.00000e+00,  0.00000e+00}
      deform[    1]={ 0.00000e+00,  0.00000e+00,  0.00000e+00}
      deform[    2]={ 0.00000e+00,  0.00000e+00,  0.00000e+00}
   adress               = FALSE
   userint1             = 0
   userint2             = 0
   userint3             = 0
   userint4             = 0
   userreal1            = 0
   userreal2            = 0
   userreal3            = 0
   userreal4            = 0
grpopts:
   nrdf:     1406.71     13062.3
   ref-t:         303         303
   tau-t:         0.1         0.1
anneal:          No          No
ann-npoints:           0           0
   acc:	           0           0           0
   nfreeze:           N           N           N
   energygrp-flags[  0]: 0 0
   energygrp-flags[  1]: 0 0
   efield-x:
      n = 0
   efield-xt:
      n = 0
   efield-y:
      n = 0
   efield-yt:
      n = 0
   efield-z:
      n = 0
   efield-zt:
      n = 0
   bQMMM                = FALSE
   QMconstraints        = 0
   QMMMscheme           = 0
   scalefactor          = 1
qm-opts:
   ngQM                 = 0
Using 1 MPI thread

Detecting CPU-specific acceleration.
Present hardware specification:
Vendor: GenuineIntel
Brand:  Intel(R) Core(TM) i5-6600 CPU @ 3.30GHz
Family:  6  Model: 94  Stepping:  3
Features: aes apic avx avx2 clfsh cmov cx8 cx16 f16c fma htt lahf_lm mmx msr nonstop_tsc pcid pclmuldq pdcm pdpe1gb popcnt pse rdrnd rdtscp sse2 sse3 sse4.1 sse4.2 ssse3 tdt x2apic
Acceleration most likely to fit this hardware: AVX_256
Acceleration selected at GROMACS compile time: AVX_256

Table routines are used for coulomb: TRUE
Table routines are used for vdw:     TRUE
Using shifted Lennard-Jones, switch between 0.9 and 1.2 nm
Cut-off's:   NS: 1.2   Coulomb: 1.2   LJ: 1.2
System total charge: 0.000
Generated table with 1100 data points for Shift.
Tabscale = 500 points/nm
Generated table with 1100 data points for LJ6Shift.
Tabscale = 500 points/nm
Generated table with 1100 data points for LJ12Shift.
Tabscale = 500 points/nm
Potential shift: LJ r^-12: 0.000 r^-6 0.000
Removing pbc first time

Will apply umbrella COM pulling in geometry 'distance'
between a reference group and 1 group
Pull group 0:   122 atoms, mass  8784.000
Pull group 1:   118 atoms, mass  8496.000

Initializing LINear Constraint Solver

++++ PLEASE READ AND CITE THE FOLLOWING REFERENCE ++++
B. Hess
P-LINCS: A Parallel Linear Constraint Solver for molecular simulation
J. Chem. Theory Comput. 4 (2008) pp. 116-122
-------- -------- --- Thank You --- -------- --------

The number of constraints is 108
65 constraints are involved in constraint triangles,
will apply an additional matrix expansion of order 4 for couplings
between constraints inside triangles
Center of mass motion removal mode is Linear
We have the following groups for center of mass motion removal:
  0:  System

++++ PLEASE READ AND CITE THE FOLLOWING REFERENCE ++++
H. J. C. Berendsen, J. P. M. Postma, A. DiNola and J. R. Haak
Molecular dynamics with coupling to an external bath
J. Chem. Phys. 81 (1984) pp. 3684-3690
-------- -------- --- Thank You --- -------- --------

There are: 4860 Atoms
Max number of connections per atom is 33
Total number of connections is 6132
Max number of graph edges per atom is 22
Total number of graph edges is 3444

Constraining the starting coordinates (step 0)

Constraining the coordinates at t0-dt (step 0)
RMS relative constraint deviation after constraining: 3.19e-06
Initial temperature: 301.927 K

Started mdrun on node 0 Thu Jan  1 01:00:00 1970
           Step           Time         Lambda
              0        0.00000        0.00000


Grid: 9 x 9 x 6 cells
   Energies (kJ/mol)
           Bond        G96Bond       G96Angle    Proper Dih.  Improper Dih.
    6.42812e+02    9.34924e+02    5.61622e+02    1.37863e+02    2.89865e+01
        LJ (SR)   Coulomb (SR)   COM Pull En.      Potential    Kinetic En.
   -1.28593e+05   -7.57180e+01    7.04582e-10   -1.26363e+05    1.81671e+04
   Total Energy    Temperature Pressure (bar)   Constr. rmsd
   -1.08196e+05    3.02024e+02    3.66779e+02    3.21329e-06

           Step           Time         Lambda
          10000      200.00000        0.00000

   Energies (kJ/mol)
           Bond        G96Bond       G96Angle    Proper Dih.  Improper Dih.
    5.79336e+02    8.93924e+02    5.31253e+02    1.31751e+02    1.26524e+01
        LJ (SR)   Coulomb (SR)   COM Pull En.      Potential    Kinetic En.
   -1.29306e+05   -5.35146e+01    1.99745e+01   -1.27191e+05    1.82718e+04
   Total Energy    Temperature Pressure (bar)   Constr. rmsd
   -1.08919e+05    3.03764e+02    3.16381e+02    1.54413e-06

           Step           Time         Lambda
          20000      400.00000        0.00000

   Energies (kJ/mol)
           Bond        G96Bond       G96Angle    Proper Dih.  Improper Dih.
    5.48880e+02    8.87991e+02    5.41943e+02    1.37410e+02    2.22836e+01
        LJ (SR)   Coulomb (SR)   COM Pull En.      Potential    Kinetic En.
   -1.29206e+05   -8.17624e+01    1.27279e+01   -1.27136e+05    1.83539e+04
   Total Energy    Temperature Pressure (bar)   Constr. rmsd
   -1.08782e+05    3.05128e+02    2.82792e+02    1.93224e-06

           Step           Time         Lambda
          25000      500.00000        0.00000

Writing checkpoint, step 25000 at Tue Mar 10 17:17:03 2020


   Energies (kJ/mol)
           Bond        G96Bond       G96Angle    Proper Dih.  Improper Dih.
    5.51362e+02    9.32541e+02    5.64927e+02    1.61429e+02    1.71402e+01
        LJ (SR)   Coulomb (SR)   COM Pull En.      Potential    Kinetic En.
   -1.29028e+05   -9.67000e+01    1.59478e+01   -1.26882e+05    1.81833e+04
   Total Energy    Temperature Pressure (bar)   Constr. rmsd
   -1.08699e+05    3.02292e+02    3.18675e+02    2.46006e-06

	<======  ###############  ==>
	<====  A V E R A G E S  ====>
	<==  ###############  ======>

	Statistics over 25001 steps using 5001 frames

   Energies (kJ/mol)
           Bond        G96Bond       G96Angle    Proper Dih.  Improper Dih.
    5.85159e+02    8.99812e+02    5.63553e+02    1.43182e+02    2.00049e+01
        LJ (SR)   Coulomb (SR)   COM Pull En.      Potential    Kinetic En.
   -1.29164e+05   -7.23745e+01    1.54165e+01   -1.27009e+05    1.82238e+04
   Total Energy    Temperature Pressure (bar)   Constr. rmsd
   -1.08786e+05    3.02966e+02    3.00005e+02    0.00000e+00

          Box-X          Box-Y          Box-Z
    9.17304e+00    9.17304e+00    6.48632e+00

   Total Virial (kJ/mol)
    1.13141e+03   -3.34054e+00    2.65508e+01
   -3.34065e+00    1.21543e+03    3.71154e+01
    2.65509e+01    3.71155e+01    1.08610e+03

   Pressure (bar)
    3.01297e+02   -1.26869e-01   -1.71073e+00
   -1.26862e-01    2.95553e+02   -2.28495e+00
   -1.71074e+00   -2.28496e+00    3.03165e+02

  Epot (kJ/mol)        Coul-SR          LJ-SR   
Protein-Protein   -7.23745e+01   -7.60486e+03
Protein-non-Protein    2.59364e-06   -6.02973e+03
non-Protein-non-Protein    0.00000e+00   -1.15530e+05

      T-Protein  T-non-Protein
    3.03022e+02    3.02960e+02


	M E G A - F L O P S   A C C O U N T I N G

 NB=Group-cutoff nonbonded kernels    NxN=N-by-N cluster Verlet kernels
 RF=Reaction-Field  VdW=Van der Waals  QSTab=quadratic-spline table
 W3=SPC/TIP3p  W4=TIP4p (single or pairs)
 V&F=Potential and force  V=Potential only  F=Force only

 Computing:                               M-Number         M-Flops  % Flops
-----------------------------------------------------------------------------
 NB VdW [V&F]                         55039.253780       55039.254    19.0
 NB VdW [F]                          189216.483584      189216.484    65.2
 NB VdW & Elec. [V&F]                   125.990569         125.991     0.0
 NB VdW & Elec. [F]                     421.690216         421.690     0.1
 NS-Pairs                              1657.638923       34810.417    12.0
 Reset In Box                            12.154860          36.465     0.0
 Shift-X                                 50.502020         303.012     0.1
 CG-CoM                                  12.154860          36.465     0.0
 Bonds                                   41.676667        2458.923     0.8
 Angles                                  12.500500        2100.084     0.7
 Propers                                  1.875075         429.392     0.1
 Impropers                                0.550022         114.405     0.0
 Virial                                  24.529905         441.538     0.2
 Stop-CM                                 24.309720         243.097     0.1
 P-Coupling                             121.504860         729.029     0.3
 Calc-Ekin                              121.509720        3280.762     1.1
 Lincs                                    2.700324         162.019     0.1
 Lincs-Mat                               33.604032         134.416     0.0
 Constraint-V                             5.400432          43.203     0.0
 Constraint-Vir                           0.540108          12.963     0.0
-----------------------------------------------------------------------------
 Total                                                  290139.610   100.0
-----------------------------------------------------------------------------


     R E A L   C Y C L E   A N D   T I M E   A C C O U N T I N G

 Computing:         Nodes   Th.     Count  Wall t (s)     G-Cycles       %
-----------------------------------------------------------------------------
 Neighbor search        1    1       2501      28.709       95.095    40.3
 Force                  1    1      25001      38.641      127.994    54.2
 Write traj.            1    1          4       0.072        0.238     0.1
 Update                 1    1      25001       1.385        4.587     1.9
 Constraints            1    1      25001       0.679        2.250     1.0
 Rest                   1                       1.831        6.065     2.6
-----------------------------------------------------------------------------
 Total                  1                      71.318      236.228   100.0
-----------------------------------------------------------------------------

               Core t (s)   Wall t (s)        (%)
       Time:       71.160       71.318       99.8
                 (ns/day)    (hour/ns)
Performance:      605.766        0.040
Finished mdrun on node 0 Tue Mar 10 17:17:03 2020
