Log file opened on Tue Mar 10 17:06:38 2020
Host: pc-036945.clients.vu.nl  pid: 15466  nodeid: 0  nnodes:  1
Gromacs version:    VERSION 4.6.7
Precision:          single
Memory model:       64 bit
MPI library:        thread_mpi
OpenMP support:     enabled
GPU support:        disabled
invsqrt routine:    gmx_software_invsqrt(x)
CPU acceleration:   AVX_256
FFT library:        fftw-3.3.3-sse2
Large file support: enabled
RDTSCP usage:       enabled
Built on:           Mon Aug 22 12:47:47 CEST 2016
Built by:           root@co7-3.clients.vu.nl [CMAKE]
Build OS/arch:      Linux 3.10.0-327.28.2.el7.x86_64 x86_64
Build CPU vendor:   GenuineIntel
Build CPU brand:    Intel(R) Core(TM) i5-3470 CPU @ 3.20GHz
Build CPU family:   6   Model: 58   Stepping: 9
Build CPU features: aes apic avx clfsh cmov cx8 cx16 f16c lahf_lm mmx msr nonstop_tsc pcid pclmuldq popcnt pse rdrnd rdtscp sse2 sse3 sse4.1 sse4.2 ssse3 tdt x2apic
C compiler:         /usr/bin/cc GNU cc (GCC) 4.8.5 20150623 (Red Hat 4.8.5-4)
C compiler flags:   -mavx    -Wextra -Wno-missing-field-initializers -Wno-sign-compare -Wall -Wno-unused -Wunused-value -Wno-unused-parameter -Wno-array-bounds -Wno-maybe-uninitialized -Wno-strict-overflow   -fomit-frame-pointer -funroll-all-loops -fexcess-precision=fast  -O3 -DNDEBUG


                         :-)  G  R  O  M  A  C  S  (-:

                Gravel Rubs Often Many Awfully Cauterized Sores

                            :-)  VERSION 4.6.7  (-:

        Contributions from Mark Abraham, Emile Apol, Rossen Apostolov, 
           Herman J.C. Berendsen, Aldert van Buuren, Pär Bjelkmar,  
     Rudi van Drunen, Anton Feenstra, Gerrit Groenhof, Christoph Junghans, 
        Peter Kasson, Carsten Kutzner, Per Larsson, Pieter Meulenhoff, 
           Teemu Murtola, Szilard Pall, Sander Pronk, Roland Schulz, 
                Michael Shirts, Alfons Sijbers, Peter Tieleman,

               Berk Hess, David van der Spoel, and Erik Lindahl.

       Copyright (c) 1991-2000, University of Groningen, The Netherlands.
         Copyright (c) 2001-2012,2013, The GROMACS development team at
        Uppsala University & The Royal Institute of Technology, Sweden.
            check out http://www.gromacs.org for more information.

         This program is free software; you can redistribute it and/or
       modify it under the terms of the GNU Lesser General Public License
        as published by the Free Software Foundation; either version 2.1
             of the License, or (at your option) any later version.

                  :-)  /usr/local/gromacs/4.6.7/bin/mdrun  (-:


++++ PLEASE READ AND CITE THE FOLLOWING REFERENCE ++++
B. Hess and C. Kutzner and D. van der Spoel and E. Lindahl
GROMACS 4: Algorithms for highly efficient, load-balanced, and scalable
molecular simulation
J. Chem. Theory Comput. 4 (2008) pp. 435-447
-------- -------- --- Thank You --- -------- --------


++++ PLEASE READ AND CITE THE FOLLOWING REFERENCE ++++
D. van der Spoel, E. Lindahl, B. Hess, G. Groenhof, A. E. Mark and H. J. C.
Berendsen
GROMACS: Fast, Flexible and Free
J. Comp. Chem. 26 (2005) pp. 1701-1719
-------- -------- --- Thank You --- -------- --------


++++ PLEASE READ AND CITE THE FOLLOWING REFERENCE ++++
E. Lindahl and B. Hess and D. van der Spoel
GROMACS 3.0: A package for molecular simulation and trajectory analysis
J. Mol. Mod. 7 (2001) pp. 306-317
-------- -------- --- Thank You --- -------- --------


++++ PLEASE READ AND CITE THE FOLLOWING REFERENCE ++++
H. J. C. Berendsen, D. van der Spoel and R. van Drunen
GROMACS: A message-passing parallel molecular dynamics implementation
Comp. Phys. Comm. 91 (1995) pp. 43-56
-------- -------- --- Thank You --- -------- --------

Input Parameters:
   integrator           = steep
   nsteps               = 10000
   init-step            = 0
   cutoff-scheme        = Group
   ns_type              = Grid
   nstlist              = 10
   ndelta               = 2
   nstcomm              = 100
   comm-mode            = Linear
   nstlog               = 100
   nstxout              = 100
   nstvout              = 100
   nstfout              = 0
   nstcalcenergy        = 100
   nstenergy            = 100
   nstxtcout            = 100
   init-t               = 0
   delta-t              = 0.002
   xtcprec              = 1000
   fourierspacing       = 0.12
   nkx                  = 10
   nky                  = 10
   nkz                  = 10
   pme-order            = 4
   ewald-rtol           = 1e-05
   ewald-geometry       = 0
   epsilon-surface      = 0
   optimize-fft         = FALSE
   ePBC                 = xyz
   bPeriodicMols        = FALSE
   bContinuation        = FALSE
   bShakeSOR            = FALSE
   etc                  = No
   bPrintNHChains       = FALSE
   nsttcouple           = -1
   epc                  = No
   epctype              = Isotropic
   nstpcouple           = -1
   tau-p                = 1
   ref-p (3x3):
      ref-p[    0]={ 0.00000e+00,  0.00000e+00,  0.00000e+00}
      ref-p[    1]={ 0.00000e+00,  0.00000e+00,  0.00000e+00}
      ref-p[    2]={ 0.00000e+00,  0.00000e+00,  0.00000e+00}
   compress (3x3):
      compress[    0]={ 0.00000e+00,  0.00000e+00,  0.00000e+00}
      compress[    1]={ 0.00000e+00,  0.00000e+00,  0.00000e+00}
      compress[    2]={ 0.00000e+00,  0.00000e+00,  0.00000e+00}
   refcoord-scaling     = No
   posres-com (3):
      posres-com[0]= 0.00000e+00
      posres-com[1]= 0.00000e+00
      posres-com[2]= 0.00000e+00
   posres-comB (3):
      posres-comB[0]= 0.00000e+00
      posres-comB[1]= 0.00000e+00
      posres-comB[2]= 0.00000e+00
   verlet-buffer-drift  = 0.005
   rlist                = 1.2
   rlistlong            = 1.2
   nstcalclr            = 0
   rtpi                 = 0.05
   coulombtype          = Shift
   coulomb-modifier     = None
   rcoulomb-switch      = 0
   rcoulomb             = 1.2
   vdwtype              = Shift
   vdw-modifier         = None
   rvdw-switch          = 0.9
   rvdw                 = 1.2
   epsilon-r            = 15
   epsilon-rf           = inf
   tabext               = 1
   implicit-solvent     = No
   gb-algorithm         = Still
   gb-epsilon-solvent   = 80
   nstgbradii           = 1
   rgbradii             = 1
   gb-saltconc          = 0
   gb-obc-alpha         = 1
   gb-obc-beta          = 0.8
   gb-obc-gamma         = 4.85
   gb-dielectric-offset = 0.009
   sa-algorithm         = Ace-approximation
   sa-surface-tension   = 2.05016
   DispCorr             = No
   bSimTemp             = FALSE
   free-energy          = no
   nwall                = 0
   wall-type            = 9-3
   wall-atomtype[0]     = -1
   wall-atomtype[1]     = -1
   wall-density[0]      = 0
   wall-density[1]      = 0
   wall-ewald-zfac      = 3
   pull                 = no
   rotation             = FALSE
   disre                = No
   disre-weighting      = Conservative
   disre-mixed          = FALSE
   dr-fc                = 1000
   dr-tau               = 0
   nstdisreout          = 100
   orires-fc            = 0
   orires-tau           = 0
   nstorireout          = 100
   dihre-fc             = 0
   em-stepsize          = 0.01
   em-tol               = 550
   niter                = 20
   fc-stepsize          = 0
   nstcgsteep           = 1000
   nbfgscorr            = 10
   ConstAlg             = Lincs
   shake-tol            = 0.0001
   lincs-order          = 4
   lincs-warnangle      = 30
   lincs-iter           = 1
   bd-fric              = 0
   ld-seed              = 1993
   cos-accel            = 0
   deform (3x3):
      deform[    0]={ 0.00000e+00,  0.00000e+00,  0.00000e+00}
      deform[    1]={ 0.00000e+00,  0.00000e+00,  0.00000e+00}
      deform[    2]={ 0.00000e+00,  0.00000e+00,  0.00000e+00}
   adress               = FALSE
   userint1             = 0
   userint2             = 0
   userint3             = 0
   userint4             = 0
   userreal1            = 0
   userreal2            = 0
   userreal3            = 0
   userreal4            = 0
grpopts:
   nrdf:       17526
   ref-t:           0
   tau-t:           0
anneal:          No
ann-npoints:           0
   acc:	           0           0           0
   nfreeze:           N           N           N
   energygrp-flags[  0]: 0
   efield-x:
      n = 0
   efield-xt:
      n = 0
   efield-y:
      n = 0
   efield-yt:
      n = 0
   efield-z:
      n = 0
   efield-zt:
      n = 0
   bQMMM                = FALSE
   QMconstraints        = 0
   QMMMscheme           = 0
   scalefactor          = 1
qm-opts:
   ngQM                 = 0

Initializing Domain Decomposition on 4 nodes
Dynamic load balancing: no
Will sort the charge groups at every domain (re)decomposition
Initial maximum inter charge-group distances:
    two-body bonded interactions: 1.018 nm, Bond, atoms 325 332
  multi-body bonded interactions: 0.773 nm, G96Angle, atoms 260 264
Minimum cell size due to bonded interactions: 0.850 nm
Maximum distance for 5 constraints, at 120 deg. angles, all-trans: 1.350 nm
Estimated maximum distance required for P-LINCS: 1.350 nm
This distance will limit the DD cell size, you can override this with -rcon
Optimizing the DD grid for 4 cells with a minimum initial size of 1.350 nm
The maximum allowed number of cells is: X 6 Y 6 Z 5
Domain decomposition grid 4 x 1 x 1, separate PME nodes 0
Domain decomposition nodeid 0, coordinates 0 0 0

Using 4 MPI threads

Detecting CPU-specific acceleration.
Present hardware specification:
Vendor: GenuineIntel
Brand:  Intel(R) Core(TM) i5-6600 CPU @ 3.30GHz
Family:  6  Model: 94  Stepping:  3
Features: aes apic avx avx2 clfsh cmov cx8 cx16 f16c fma htt lahf_lm mmx msr nonstop_tsc pcid pclmuldq pdcm pdpe1gb popcnt pse rdrnd rdtscp sse2 sse3 sse4.1 sse4.2 ssse3 tdt x2apic
Acceleration most likely to fit this hardware: AVX_256
Acceleration selected at GROMACS compile time: AVX_256

Table routines are used for coulomb: TRUE
Table routines are used for vdw:     TRUE
Using shifted Lennard-Jones, switch between 0.9 and 1.2 nm
Cut-off's:   NS: 1.2   Coulomb: 1.2   LJ: 1.2
System total charge: 0.000
Generated table with 1100 data points for Shift.
Tabscale = 500 points/nm
Generated table with 1100 data points for LJ6Shift.
Tabscale = 500 points/nm
Generated table with 1100 data points for LJ12Shift.
Tabscale = 500 points/nm
Potential shift: LJ r^-12: 0.000 r^-6 0.000
Removing pbc first time
Pinning threads with an auto-selected logical core stride of 1

Initializing Parallel LINear Constraint Solver

++++ PLEASE READ AND CITE THE FOLLOWING REFERENCE ++++
B. Hess
P-LINCS: A Parallel Linear Constraint Solver for molecular simulation
J. Chem. Theory Comput. 4 (2008) pp. 116-122
-------- -------- --- Thank You --- -------- --------

The number of constraints is 108
There are inter charge-group constraints,
will communicate selected coordinates each lincs iteration
65 constraints are involved in constraint triangles,
will apply an additional matrix expansion of order 4 for couplings
between constraints inside triangles

Linking all bonded interactions to atoms

The initial number of communication pulses is: X 1
The initial domain decomposition cell size is: X 2.05 nm

The maximum allowed distance for charge groups involved in interactions is:
                 non-bonded interactions           1.200 nm
            two-body bonded interactions  (-rdd)   1.200 nm
          multi-body bonded interactions  (-rdd)   1.200 nm
  atoms separated by up to 5 constraints  (-rcon)  2.051 nm


Making 1D domain decomposition grid 4 x 1 x 1, home cell index 0 0 0

Initiating Steepest Descents
Charge group distribution at step 0: 1464 1508 1495 1412
Grid: 8 x 9 x 7 cells
Started Steepest Descents on node 0 Tue Mar 10 17:06:39 2020

Steepest Descents:
   Tolerance (Fmax)   =  5.50000e+02
   Number of steps    =        10000

           Step           Time         Lambda
              0        0.00000        0.00000

   Energies (kJ/mol)
           Bond        G96Bond       G96Angle    Proper Dih.  Improper Dih.
    3.91389e+02    5.52546e+02    5.03410e+02    1.27467e+02    3.20895e+01
        LJ (SR)   Coulomb (SR) Position Rest.      Potential Pressure (bar)
   -1.10890e+05   -4.16349e+01    4.22174e-03   -1.09325e+05    6.10673e+00
   Constr. rmsd
    8.21593e-07

DD  step 0 load imb.: force 23.9%

           Step           Time         Lambda
              1        1.00000        0.00000

   Energies (kJ/mol)
           Bond        G96Bond       G96Angle    Proper Dih.  Improper Dih.
    3.94478e+02    5.52223e+02    5.03577e+02    1.27397e+02    3.21271e+01
        LJ (SR)   Coulomb (SR) Position Rest.      Potential Pressure (bar)
   -1.16127e+05   -4.16492e+01    4.01320e-01   -1.14559e+05    5.63326e+00
   Constr. rmsd
    1.30937e-06

           Step           Time         Lambda
              2        2.00000        0.00000

   Energies (kJ/mol)
           Bond        G96Bond       G96Angle    Proper Dih.  Improper Dih.
    4.02058e+02    5.51741e+02    5.04064e+02    1.27268e+02    3.21911e+01
        LJ (SR)   Coulomb (SR) Position Rest.      Potential Pressure (bar)
   -1.23038e+05   -4.15775e+01    2.68517e+00   -1.21459e+05    4.77498e+00
   Constr. rmsd
    1.45966e-06

           Step           Time         Lambda
              3        3.00000        0.00000

   Energies (kJ/mol)
           Bond        G96Bond       G96Angle    Proper Dih.  Improper Dih.
    4.16056e+02    5.51392e+02    5.04985e+02    1.27130e+02    3.22515e+01
        LJ (SR)   Coulomb (SR) Position Rest.      Potential Pressure (bar)
   -1.29926e+05   -4.14888e+01    8.50586e+00   -1.28328e+05    3.70676e+00
   Constr. rmsd
    1.27340e-06

           Step           Time         Lambda
              4        4.00000        0.00000

   Energies (kJ/mol)
           Bond        G96Bond       G96Angle    Proper Dih.  Improper Dih.
    4.40598e+02    5.51684e+02    5.06625e+02    1.27125e+02    3.22533e+01
        LJ (SR)   Coulomb (SR) Position Rest.      Potential Pressure (bar)
   -1.36521e+05   -4.14896e+01    2.12933e+01   -1.34883e+05    2.59940e+00
   Constr. rmsd
    8.20357e-07

           Step           Time         Lambda
              5        5.00000        0.00000

   Energies (kJ/mol)
           Bond        G96Bond       G96Angle    Proper Dih.  Improper Dih.
    4.72945e+02    5.53700e+02    5.07253e+02    1.27502e+02    3.20420e+01
        LJ (SR)   Coulomb (SR) Position Rest.      Potential Pressure (bar)
   -1.42148e+05   -4.16228e+01    4.37376e+01   -1.40452e+05    1.74978e+00
   Constr. rmsd
    1.68798e-06

           Step           Time         Lambda
              6        6.00000        0.00000

   Energies (kJ/mol)
           Bond        G96Bond       G96Angle    Proper Dih.  Improper Dih.
    4.87737e+02    5.58969e+02    5.03299e+02    1.27633e+02    3.14492e+01
        LJ (SR)   Coulomb (SR) Position Rest.      Potential Pressure (bar)
   -1.46663e+05   -4.16550e+01    7.20760e+01   -1.44923e+05    1.31429e+00
   Constr. rmsd
    1.13473e-06


Steepest Descents converged to Fmax < 550 in 7 steps
Potential Energy  = -1.4492347e+05
Maximum force     =  4.3756586e+02 on atom 3666
Norm of force     =  1.2248494e+02

	M E G A - F L O P S   A C C O U N T I N G

 NB=Group-cutoff nonbonded kernels    NxN=N-by-N cluster Verlet kernels
 RF=Reaction-Field  VdW=Van der Waals  QSTab=quadratic-spline table
 W3=SPC/TIP3p  W4=TIP4p (single or pairs)
 V&F=Potential and force  V=Potential only  F=Force only

 Computing:                               M-Number         M-Flops  % Flops
-----------------------------------------------------------------------------
 NB VdW [V&F]                            79.935719          79.936    41.7
 NB VdW & Elec. [V&F]                     0.163724           0.164     0.1
 NS-Pairs                                 5.182601         108.835    56.8
 Reset In Box                             0.041153           0.123     0.1
 CG-CoM                                   0.047032           0.141     0.1
 Bonds                                    0.011669           0.688     0.4
 Angles                                   0.003500           0.588     0.3
 Propers                                  0.000525           0.120     0.1
 Impropers                                0.000154           0.032     0.0
 Pos. Restr.                              0.003535           0.177     0.1
 Virial                                   0.042413           0.763     0.4
 Lincs                                    0.001581           0.095     0.0
 Lincs-Mat                                0.019656           0.079     0.0
 Constraint-Vir                           0.000790           0.019     0.0
-----------------------------------------------------------------------------
 Total                                                     191.760   100.0
-----------------------------------------------------------------------------


    D O M A I N   D E C O M P O S I T I O N   S T A T I S T I C S

 av. #atoms communicated per step for force:  2 x 3396.8
 av. #atoms communicated per step for LINCS:  2 x 6.8


     R E A L   C Y C L E   A N D   T I M E   A C C O U N T I N G

 Computing:         Nodes   Th.     Count  Wall t (s)     G-Cycles       %
-----------------------------------------------------------------------------
 Domain decomp.         4    1          7       0.011        0.258    12.4
 DD comm. load          4    1          1       0.000        0.000     0.0
 Neighbor search        4    1          7       0.013        0.287    13.8
 Comm. coord.           4    1          7       0.000        0.001     0.1
 Force                  4    1          7       0.002        0.051     2.5
 Wait + Comm. F         4    1          7       0.004        0.082     3.9
 Constraints            4    1         13       0.000        0.007     0.4
 Comm. energies         4    1          7       0.010        0.235    11.2
 Rest                   4                       0.051        1.166    55.8
-----------------------------------------------------------------------------
 Total                  4                       0.092        2.088   100.0
-----------------------------------------------------------------------------

NOTE: 11 % of the run time was spent communicating energies,
      you might want to use the -gcom option of mdrun


               Core t (s)   Wall t (s)        (%)
       Time:        0.290        0.092      316.7
               (steps/hour)
Performance:       275198.9
Finished mdrun on node 0 Tue Mar 10 17:06:39 2020
